2018-05-10 15:51:54 [scrapy.utils.log] INFO: Scrapy 1.5.0 started (bot: lagou)
2018-05-10 15:51:54 [scrapy.utils.log] INFO: Versions: lxml 4.2.1.0, libxml2 2.9.8, cssselect 1.0.3, parsel 1.4.0, w3lib 1.19.0, Twisted 18.4.0, Python 3.5.2 (default, Nov 23 2017, 16:37:01) - [GCC 5.4.0 20160609], pyOpenSSL 17.5.0 (OpenSSL 1.0.2g  1 Mar 2016), cryptography 2.2.2, Platform Linux-4.13.0-39-generic-x86_64-with-Ubuntu-16.04-xenial
2018-05-10 15:51:54 [scrapy.crawler] INFO: Overridden settings: {'DOWNLOAD_DELAY': 1, 'LOG_FILE': 'ten.log', 'USER_AGENT': 'Mozilla/5.0 (X11; Linux x86_64) AppleWebKit/537.36 (KHTML, like Gecko) Chrome/66.0.3359.139 Safari/537.36', 'SPIDER_MODULES': ['lagou.spiders'], 'NEWSPIDER_MODULE': 'lagou.spiders', 'BOT_NAME': 'lagou', 'LOG_LEVEL': 'INFO'}
2018-05-10 15:51:54 [scrapy.middleware] INFO: Enabled extensions:
['scrapy.extensions.logstats.LogStats',
 'scrapy.extensions.telnet.TelnetConsole',
 'scrapy.extensions.memusage.MemoryUsage',
 'scrapy.extensions.corestats.CoreStats']
2018-05-10 15:51:54 [scrapy.middleware] INFO: Enabled downloader middlewares:
['scrapy.downloadermiddlewares.httpauth.HttpAuthMiddleware',
 'scrapy.downloadermiddlewares.downloadtimeout.DownloadTimeoutMiddleware',
 'scrapy.downloadermiddlewares.defaultheaders.DefaultHeadersMiddleware',
 'scrapy.downloadermiddlewares.useragent.UserAgentMiddleware',
 'scrapy.downloadermiddlewares.retry.RetryMiddleware',
 'scrapy.downloadermiddlewares.redirect.MetaRefreshMiddleware',
 'scrapy.downloadermiddlewares.httpcompression.HttpCompressionMiddleware',
 'scrapy.downloadermiddlewares.redirect.RedirectMiddleware',
 'scrapy.downloadermiddlewares.cookies.CookiesMiddleware',
 'scrapy.downloadermiddlewares.httpproxy.HttpProxyMiddleware',
 'scrapy.downloadermiddlewares.stats.DownloaderStats']
2018-05-10 15:51:54 [scrapy.middleware] INFO: Enabled spider middlewares:
['scrapy.spidermiddlewares.httperror.HttpErrorMiddleware',
 'scrapy.spidermiddlewares.offsite.OffsiteMiddleware',
 'scrapy.spidermiddlewares.referer.RefererMiddleware',
 'scrapy.spidermiddlewares.urllength.UrlLengthMiddleware',
 'scrapy.spidermiddlewares.depth.DepthMiddleware']
2018-05-10 15:51:54 [scrapy.middleware] INFO: Enabled item pipelines:
['lagou.pipelines.JsonWriterPipeline']
2018-05-10 15:51:54 [scrapy.core.engine] INFO: Spider opened
2018-05-10 15:51:54 [scrapy.extensions.logstats] INFO: Crawled 0 pages (at 0 pages/min), scraped 0 items (at 0 items/min)
2018-05-10 15:51:55 [scrapy.core.engine] INFO: Closing spider (finished)
2018-05-10 15:51:55 [scrapy.statscollectors] INFO: Dumping Scrapy stats:
{'downloader/request_bytes': 337,
 'downloader/request_count': 1,
 'downloader/request_method_count/GET': 1,
 'downloader/response_bytes': 12319,
 'downloader/response_count': 1,
 'downloader/response_status_count/200': 1,
 'finish_reason': 'finished',
 'finish_time': datetime.datetime(2018, 5, 10, 7, 51, 55, 971145),
 'log_count/INFO': 7,
 'memusage/max': 51695616,
 'memusage/startup': 51695616,
 'response_received_count': 1,
 'scheduler/dequeued': 1,
 'scheduler/dequeued/memory': 1,
 'scheduler/enqueued': 1,
 'scheduler/enqueued/memory': 1,
 'start_time': datetime.datetime(2018, 5, 10, 7, 51, 54, 926192)}
2018-05-10 15:51:55 [scrapy.core.engine] INFO: Spider closed (finished)
2018-05-10 15:53:28 [scrapy.utils.log] INFO: Scrapy 1.5.0 started (bot: lagou)
2018-05-10 15:53:28 [scrapy.utils.log] INFO: Versions: lxml 4.2.1.0, libxml2 2.9.8, cssselect 1.0.3, parsel 1.4.0, w3lib 1.19.0, Twisted 18.4.0, Python 3.5.2 (default, Nov 23 2017, 16:37:01) - [GCC 5.4.0 20160609], pyOpenSSL 17.5.0 (OpenSSL 1.0.2g  1 Mar 2016), cryptography 2.2.2, Platform Linux-4.13.0-39-generic-x86_64-with-Ubuntu-16.04-xenial
2018-05-10 15:53:28 [scrapy.crawler] INFO: Overridden settings: {'DOWNLOAD_DELAY': 1, 'USER_AGENT': 'Mozilla/5.0 (X11; Linux x86_64) AppleWebKit/537.36 (KHTML, like Gecko) Chrome/66.0.3359.139 Safari/537.36', 'LOG_LEVEL': 'INFO', 'BOT_NAME': 'lagou', 'NEWSPIDER_MODULE': 'lagou.spiders', 'SPIDER_MODULES': ['lagou.spiders'], 'LOG_FILE': 'ten.log'}
2018-05-10 15:53:28 [scrapy.middleware] INFO: Enabled extensions:
['scrapy.extensions.logstats.LogStats',
 'scrapy.extensions.telnet.TelnetConsole',
 'scrapy.extensions.memusage.MemoryUsage',
 'scrapy.extensions.corestats.CoreStats']
2018-05-10 15:53:28 [scrapy.middleware] INFO: Enabled downloader middlewares:
['scrapy.downloadermiddlewares.httpauth.HttpAuthMiddleware',
 'scrapy.downloadermiddlewares.downloadtimeout.DownloadTimeoutMiddleware',
 'scrapy.downloadermiddlewares.defaultheaders.DefaultHeadersMiddleware',
 'scrapy.downloadermiddlewares.useragent.UserAgentMiddleware',
 'scrapy.downloadermiddlewares.retry.RetryMiddleware',
 'scrapy.downloadermiddlewares.redirect.MetaRefreshMiddleware',
 'scrapy.downloadermiddlewares.httpcompression.HttpCompressionMiddleware',
 'scrapy.downloadermiddlewares.redirect.RedirectMiddleware',
 'scrapy.downloadermiddlewares.cookies.CookiesMiddleware',
 'scrapy.downloadermiddlewares.httpproxy.HttpProxyMiddleware',
 'scrapy.downloadermiddlewares.stats.DownloaderStats']
2018-05-10 15:53:28 [scrapy.middleware] INFO: Enabled spider middlewares:
['scrapy.spidermiddlewares.httperror.HttpErrorMiddleware',
 'scrapy.spidermiddlewares.offsite.OffsiteMiddleware',
 'scrapy.spidermiddlewares.referer.RefererMiddleware',
 'scrapy.spidermiddlewares.urllength.UrlLengthMiddleware',
 'scrapy.spidermiddlewares.depth.DepthMiddleware']
2018-05-10 15:53:28 [scrapy.middleware] INFO: Enabled item pipelines:
['lagou.pipelines.JsonWriterPipeline']
2018-05-10 15:53:28 [scrapy.core.engine] INFO: Spider opened
2018-05-10 15:53:28 [scrapy.extensions.logstats] INFO: Crawled 0 pages (at 0 pages/min), scraped 0 items (at 0 items/min)
2018-05-10 15:54:00 [scrapy.core.engine] INFO: Closing spider (finished)
2018-05-10 15:54:00 [scrapy.statscollectors] INFO: Dumping Scrapy stats:
{'downloader/request_bytes': 337,
 'downloader/request_count': 1,
 'downloader/request_method_count/GET': 1,
 'downloader/response_bytes': 12310,
 'downloader/response_count': 1,
 'downloader/response_status_count/200': 1,
 'finish_reason': 'finished',
 'finish_time': datetime.datetime(2018, 5, 10, 7, 54, 0, 777001),
 'log_count/INFO': 7,
 'memusage/max': 51888128,
 'memusage/startup': 51888128,
 'response_received_count': 1,
 'scheduler/dequeued': 1,
 'scheduler/dequeued/memory': 1,
 'scheduler/enqueued': 1,
 'scheduler/enqueued/memory': 1,
 'start_time': datetime.datetime(2018, 5, 10, 7, 53, 28, 89873)}
2018-05-10 15:54:00 [scrapy.core.engine] INFO: Spider closed (finished)
2018-05-10 15:55:32 [scrapy.utils.log] INFO: Scrapy 1.5.0 started (bot: lagou)
2018-05-10 15:55:32 [scrapy.utils.log] INFO: Versions: lxml 4.2.1.0, libxml2 2.9.8, cssselect 1.0.3, parsel 1.4.0, w3lib 1.19.0, Twisted 18.4.0, Python 3.5.2 (default, Nov 23 2017, 16:37:01) - [GCC 5.4.0 20160609], pyOpenSSL 17.5.0 (OpenSSL 1.0.2g  1 Mar 2016), cryptography 2.2.2, Platform Linux-4.13.0-39-generic-x86_64-with-Ubuntu-16.04-xenial
2018-05-10 15:55:32 [scrapy.crawler] INFO: Overridden settings: {'LOG_FILE': 'ten.log', 'LOG_LEVEL': 'INFO', 'DOWNLOAD_DELAY': 1, 'NEWSPIDER_MODULE': 'lagou.spiders', 'USER_AGENT': 'Mozilla/5.0 (X11; Linux x86_64) AppleWebKit/537.36 (KHTML, like Gecko) Chrome/66.0.3359.139 Safari/537.36', 'BOT_NAME': 'lagou', 'SPIDER_MODULES': ['lagou.spiders']}
2018-05-10 15:55:32 [scrapy.middleware] INFO: Enabled extensions:
['scrapy.extensions.corestats.CoreStats',
 'scrapy.extensions.telnet.TelnetConsole',
 'scrapy.extensions.memusage.MemoryUsage',
 'scrapy.extensions.logstats.LogStats']
2018-05-10 15:55:32 [scrapy.middleware] INFO: Enabled downloader middlewares:
['scrapy.downloadermiddlewares.httpauth.HttpAuthMiddleware',
 'scrapy.downloadermiddlewares.downloadtimeout.DownloadTimeoutMiddleware',
 'scrapy.downloadermiddlewares.defaultheaders.DefaultHeadersMiddleware',
 'scrapy.downloadermiddlewares.useragent.UserAgentMiddleware',
 'scrapy.downloadermiddlewares.retry.RetryMiddleware',
 'scrapy.downloadermiddlewares.redirect.MetaRefreshMiddleware',
 'scrapy.downloadermiddlewares.httpcompression.HttpCompressionMiddleware',
 'scrapy.downloadermiddlewares.redirect.RedirectMiddleware',
 'scrapy.downloadermiddlewares.cookies.CookiesMiddleware',
 'scrapy.downloadermiddlewares.httpproxy.HttpProxyMiddleware',
 'scrapy.downloadermiddlewares.stats.DownloaderStats']
2018-05-10 15:55:32 [scrapy.middleware] INFO: Enabled spider middlewares:
['scrapy.spidermiddlewares.httperror.HttpErrorMiddleware',
 'scrapy.spidermiddlewares.offsite.OffsiteMiddleware',
 'scrapy.spidermiddlewares.referer.RefererMiddleware',
 'scrapy.spidermiddlewares.urllength.UrlLengthMiddleware',
 'scrapy.spidermiddlewares.depth.DepthMiddleware']
2018-05-10 15:55:32 [scrapy.middleware] INFO: Enabled item pipelines:
['lagou.pipelines.JsonWriterPipeline']
2018-05-10 15:55:32 [scrapy.core.engine] INFO: Spider opened
2018-05-10 15:55:32 [scrapy.extensions.logstats] INFO: Crawled 0 pages (at 0 pages/min), scraped 0 items (at 0 items/min)
2018-05-10 15:55:33 [scrapy.core.engine] INFO: Closing spider (finished)
2018-05-10 15:55:33 [scrapy.statscollectors] INFO: Dumping Scrapy stats:
{'downloader/request_bytes': 337,
 'downloader/request_count': 1,
 'downloader/request_method_count/GET': 1,
 'downloader/response_bytes': 12316,
 'downloader/response_count': 1,
 'downloader/response_status_count/200': 1,
 'finish_reason': 'finished',
 'finish_time': datetime.datetime(2018, 5, 10, 7, 55, 33, 650939),
 'log_count/INFO': 7,
 'memusage/max': 51879936,
 'memusage/startup': 51879936,
 'response_received_count': 1,
 'scheduler/dequeued': 1,
 'scheduler/dequeued/memory': 1,
 'scheduler/enqueued': 1,
 'scheduler/enqueued/memory': 1,
 'start_time': datetime.datetime(2018, 5, 10, 7, 55, 32, 857395)}
2018-05-10 15:55:33 [scrapy.core.engine] INFO: Spider closed (finished)
2018-05-10 15:56:05 [scrapy.utils.log] INFO: Scrapy 1.5.0 started (bot: lagou)
2018-05-10 15:56:05 [scrapy.utils.log] INFO: Versions: lxml 4.2.1.0, libxml2 2.9.8, cssselect 1.0.3, parsel 1.4.0, w3lib 1.19.0, Twisted 18.4.0, Python 3.5.2 (default, Nov 23 2017, 16:37:01) - [GCC 5.4.0 20160609], pyOpenSSL 17.5.0 (OpenSSL 1.0.2g  1 Mar 2016), cryptography 2.2.2, Platform Linux-4.13.0-39-generic-x86_64-with-Ubuntu-16.04-xenial
2018-05-10 15:56:05 [scrapy.crawler] INFO: Overridden settings: {'SPIDER_MODULES': ['lagou.spiders'], 'BOT_NAME': 'lagou', 'NEWSPIDER_MODULE': 'lagou.spiders', 'LOG_LEVEL': 'INFO', 'USER_AGENT': 'Mozilla/5.0 (X11; Linux x86_64) AppleWebKit/537.36 (KHTML, like Gecko) Chrome/66.0.3359.139 Safari/537.36', 'DOWNLOAD_DELAY': 1, 'LOG_FILE': 'ten.log'}
2018-05-10 15:56:05 [scrapy.middleware] INFO: Enabled extensions:
['scrapy.extensions.telnet.TelnetConsole',
 'scrapy.extensions.logstats.LogStats',
 'scrapy.extensions.memusage.MemoryUsage',
 'scrapy.extensions.corestats.CoreStats']
2018-05-10 15:56:05 [scrapy.middleware] INFO: Enabled downloader middlewares:
['scrapy.downloadermiddlewares.httpauth.HttpAuthMiddleware',
 'scrapy.downloadermiddlewares.downloadtimeout.DownloadTimeoutMiddleware',
 'scrapy.downloadermiddlewares.defaultheaders.DefaultHeadersMiddleware',
 'scrapy.downloadermiddlewares.useragent.UserAgentMiddleware',
 'scrapy.downloadermiddlewares.retry.RetryMiddleware',
 'scrapy.downloadermiddlewares.redirect.MetaRefreshMiddleware',
 'scrapy.downloadermiddlewares.httpcompression.HttpCompressionMiddleware',
 'scrapy.downloadermiddlewares.redirect.RedirectMiddleware',
 'scrapy.downloadermiddlewares.cookies.CookiesMiddleware',
 'scrapy.downloadermiddlewares.httpproxy.HttpProxyMiddleware',
 'scrapy.downloadermiddlewares.stats.DownloaderStats']
2018-05-10 15:56:05 [scrapy.middleware] INFO: Enabled spider middlewares:
['scrapy.spidermiddlewares.httperror.HttpErrorMiddleware',
 'scrapy.spidermiddlewares.offsite.OffsiteMiddleware',
 'scrapy.spidermiddlewares.referer.RefererMiddleware',
 'scrapy.spidermiddlewares.urllength.UrlLengthMiddleware',
 'scrapy.spidermiddlewares.depth.DepthMiddleware']
2018-05-10 15:56:05 [scrapy.middleware] INFO: Enabled item pipelines:
['lagou.pipelines.JsonWriterPipeline']
2018-05-10 15:56:05 [scrapy.core.engine] INFO: Spider opened
2018-05-10 15:56:05 [scrapy.extensions.logstats] INFO: Crawled 0 pages (at 0 pages/min), scraped 0 items (at 0 items/min)
2018-05-10 15:56:05 [scrapy.core.engine] INFO: Closing spider (finished)
2018-05-10 15:56:05 [scrapy.statscollectors] INFO: Dumping Scrapy stats:
{'downloader/request_bytes': 337,
 'downloader/request_count': 1,
 'downloader/request_method_count/GET': 1,
 'downloader/response_bytes': 12317,
 'downloader/response_count': 1,
 'downloader/response_status_count/200': 1,
 'finish_reason': 'finished',
 'finish_time': datetime.datetime(2018, 5, 10, 7, 56, 5, 817535),
 'log_count/INFO': 7,
 'memusage/max': 51331072,
 'memusage/startup': 51331072,
 'response_received_count': 1,
 'scheduler/dequeued': 1,
 'scheduler/dequeued/memory': 1,
 'scheduler/enqueued': 1,
 'scheduler/enqueued/memory': 1,
 'start_time': datetime.datetime(2018, 5, 10, 7, 56, 5, 222584)}
2018-05-10 15:56:05 [scrapy.core.engine] INFO: Spider closed (finished)
2018-05-10 17:38:21 [scrapy.utils.log] INFO: Scrapy 1.5.0 started (bot: lagou)
2018-05-10 17:38:21 [scrapy.utils.log] INFO: Versions: lxml 4.2.1.0, libxml2 2.9.8, cssselect 1.0.3, parsel 1.4.0, w3lib 1.19.0, Twisted 18.4.0, Python 3.5.2 (default, Nov 23 2017, 16:37:01) - [GCC 5.4.0 20160609], pyOpenSSL 17.5.0 (OpenSSL 1.0.2g  1 Mar 2016), cryptography 2.2.2, Platform Linux-4.13.0-39-generic-x86_64-with-Ubuntu-16.04-xenial
2018-05-10 17:38:21 [scrapy.crawler] INFO: Overridden settings: {'LOG_FILE': 'ten.log', 'SPIDER_MODULES': ['lagou.spiders'], 'BOT_NAME': 'lagou', 'LOG_LEVEL': 'INFO', 'USER_AGENT': 'Mozilla/5.0 (X11; Linux x86_64) AppleWebKit/537.36 (KHTML, like Gecko) Chrome/66.0.3359.139 Safari/537.36', 'NEWSPIDER_MODULE': 'lagou.spiders', 'DOWNLOAD_DELAY': 1}
2018-05-10 17:38:21 [scrapy.middleware] INFO: Enabled extensions:
['scrapy.extensions.corestats.CoreStats',
 'scrapy.extensions.logstats.LogStats',
 'scrapy.extensions.memusage.MemoryUsage',
 'scrapy.extensions.telnet.TelnetConsole']
2018-05-10 17:38:21 [scrapy.middleware] INFO: Enabled downloader middlewares:
['scrapy.downloadermiddlewares.httpauth.HttpAuthMiddleware',
 'scrapy.downloadermiddlewares.downloadtimeout.DownloadTimeoutMiddleware',
 'scrapy.downloadermiddlewares.defaultheaders.DefaultHeadersMiddleware',
 'scrapy.downloadermiddlewares.useragent.UserAgentMiddleware',
 'scrapy.downloadermiddlewares.retry.RetryMiddleware',
 'scrapy.downloadermiddlewares.redirect.MetaRefreshMiddleware',
 'scrapy.downloadermiddlewares.httpcompression.HttpCompressionMiddleware',
 'scrapy.downloadermiddlewares.redirect.RedirectMiddleware',
 'scrapy.downloadermiddlewares.cookies.CookiesMiddleware',
 'scrapy.downloadermiddlewares.httpproxy.HttpProxyMiddleware',
 'scrapy.downloadermiddlewares.stats.DownloaderStats']
2018-05-10 17:38:21 [scrapy.middleware] INFO: Enabled spider middlewares:
['scrapy.spidermiddlewares.httperror.HttpErrorMiddleware',
 'scrapy.spidermiddlewares.offsite.OffsiteMiddleware',
 'scrapy.spidermiddlewares.referer.RefererMiddleware',
 'scrapy.spidermiddlewares.urllength.UrlLengthMiddleware',
 'scrapy.spidermiddlewares.depth.DepthMiddleware']
2018-05-10 17:38:21 [scrapy.middleware] INFO: Enabled item pipelines:
['lagou.pipelines.JsonWriterPipeline']
2018-05-10 17:38:21 [scrapy.core.engine] INFO: Spider opened
2018-05-10 17:38:21 [scrapy.extensions.logstats] INFO: Crawled 0 pages (at 0 pages/min), scraped 0 items (at 0 items/min)
2018-05-10 17:38:21 [scrapy.core.scraper] ERROR: Spider error processing <POST https://www.lagou.com/jobs/positionAjax.json?city=%E6%B7%B1%E5%9C%B3&needAddtionalResult=false> (referer: None)
Traceback (most recent call last):
  File "/home/luojintao/.local/lib/python3.5/site-packages/scrapy/utils/defer.py", line 102, in iter_errback
    yield next(it)
  File "/home/luojintao/.local/lib/python3.5/site-packages/scrapy/spidermiddlewares/offsite.py", line 30, in process_spider_output
    for x in result:
  File "/home/luojintao/.local/lib/python3.5/site-packages/scrapy/spidermiddlewares/referer.py", line 339, in <genexpr>
    return (_set_referer(r) for r in result or ())
  File "/home/luojintao/.local/lib/python3.5/site-packages/scrapy/spidermiddlewares/urllength.py", line 37, in <genexpr>
    return (r for r in result or () if _filter(r))
  File "/home/luojintao/.local/lib/python3.5/site-packages/scrapy/spidermiddlewares/depth.py", line 58, in <genexpr>
    return (r for r in result or () if _filter(r))
  File "/home/luojintao/lagou/lagou/spiders/lagou_spider.py", line 23, in parse
    positionResult = content.get('positionResult')
AttributeError: 'NoneType' object has no attribute 'get'
2018-05-10 17:38:21 [scrapy.core.engine] INFO: Closing spider (finished)
2018-05-10 17:38:21 [scrapy.statscollectors] INFO: Dumping Scrapy stats:
{'downloader/request_bytes': 430,
 'downloader/request_count': 1,
 'downloader/request_method_count/POST': 1,
 'downloader/response_bytes': 367,
 'downloader/response_count': 1,
 'downloader/response_status_count/200': 1,
 'finish_reason': 'finished',
 'finish_time': datetime.datetime(2018, 5, 10, 9, 38, 21, 885924),
 'log_count/ERROR': 1,
 'log_count/INFO': 7,
 'memusage/max': 51347456,
 'memusage/startup': 51347456,
 'response_received_count': 1,
 'scheduler/dequeued': 1,
 'scheduler/dequeued/memory': 1,
 'scheduler/enqueued': 1,
 'scheduler/enqueued/memory': 1,
 'spider_exceptions/AttributeError': 1,
 'start_time': datetime.datetime(2018, 5, 10, 9, 38, 21, 499921)}
2018-05-10 17:38:21 [scrapy.core.engine] INFO: Spider closed (finished)
2018-05-10 17:51:10 [scrapy.utils.log] INFO: Scrapy 1.5.0 started (bot: lagou)
2018-05-10 17:51:10 [scrapy.utils.log] INFO: Versions: lxml 4.2.1.0, libxml2 2.9.8, cssselect 1.0.3, parsel 1.4.0, w3lib 1.19.0, Twisted 18.4.0, Python 3.5.2 (default, Nov 23 2017, 16:37:01) - [GCC 5.4.0 20160609], pyOpenSSL 17.5.0 (OpenSSL 1.0.2g  1 Mar 2016), cryptography 2.2.2, Platform Linux-4.13.0-39-generic-x86_64-with-Ubuntu-16.04-xenial
2018-05-10 17:51:11 [scrapy.crawler] INFO: Overridden settings: {'BOT_NAME': 'lagou', 'NEWSPIDER_MODULE': 'lagou.spiders', 'SPIDER_MODULES': ['lagou.spiders'], 'LOG_FILE': 'ten.log', 'DOWNLOAD_DELAY': 1, 'USER_AGENT': 'Mozilla/5.0 (X11; Linux x86_64) AppleWebKit/537.36 (KHTML, like Gecko) Chrome/66.0.3359.139 Safari/537.36', 'LOG_LEVEL': 'INFO'}
2018-05-10 17:51:11 [scrapy.middleware] INFO: Enabled extensions:
['scrapy.extensions.logstats.LogStats',
 'scrapy.extensions.memusage.MemoryUsage',
 'scrapy.extensions.telnet.TelnetConsole',
 'scrapy.extensions.corestats.CoreStats']
2018-05-10 17:51:11 [scrapy.middleware] INFO: Enabled downloader middlewares:
['scrapy.downloadermiddlewares.httpauth.HttpAuthMiddleware',
 'scrapy.downloadermiddlewares.downloadtimeout.DownloadTimeoutMiddleware',
 'scrapy.downloadermiddlewares.defaultheaders.DefaultHeadersMiddleware',
 'scrapy.downloadermiddlewares.useragent.UserAgentMiddleware',
 'scrapy.downloadermiddlewares.retry.RetryMiddleware',
 'scrapy.downloadermiddlewares.redirect.MetaRefreshMiddleware',
 'scrapy.downloadermiddlewares.httpcompression.HttpCompressionMiddleware',
 'scrapy.downloadermiddlewares.redirect.RedirectMiddleware',
 'scrapy.downloadermiddlewares.cookies.CookiesMiddleware',
 'scrapy.downloadermiddlewares.httpproxy.HttpProxyMiddleware',
 'scrapy.downloadermiddlewares.stats.DownloaderStats']
2018-05-10 17:51:11 [scrapy.middleware] INFO: Enabled spider middlewares:
['scrapy.spidermiddlewares.httperror.HttpErrorMiddleware',
 'scrapy.spidermiddlewares.offsite.OffsiteMiddleware',
 'scrapy.spidermiddlewares.referer.RefererMiddleware',
 'scrapy.spidermiddlewares.urllength.UrlLengthMiddleware',
 'scrapy.spidermiddlewares.depth.DepthMiddleware']
2018-05-10 17:51:11 [scrapy.middleware] INFO: Enabled item pipelines:
['lagou.pipelines.JsonWriterPipeline']
2018-05-10 17:51:11 [scrapy.core.engine] INFO: Spider opened
2018-05-10 17:51:11 [scrapy.extensions.logstats] INFO: Crawled 0 pages (at 0 pages/min), scraped 0 items (at 0 items/min)
2018-05-10 17:51:15 [scrapy.core.scraper] ERROR: Spider error processing <POST https://www.lagou.com/jobs/positionAjax.json?city=%E6%B7%B1%E5%9C%B3&needAddtionalResult=false> (referer: https://www.lagou.com/jobs/list_python?labelWords=&fromSearch=true&suginput=)
Traceback (most recent call last):
  File "/home/luojintao/.local/lib/python3.5/site-packages/scrapy/utils/defer.py", line 102, in iter_errback
    yield next(it)
  File "/home/luojintao/.local/lib/python3.5/site-packages/scrapy/spidermiddlewares/offsite.py", line 30, in process_spider_output
    for x in result:
  File "/home/luojintao/.local/lib/python3.5/site-packages/scrapy/spidermiddlewares/referer.py", line 339, in <genexpr>
    return (_set_referer(r) for r in result or ())
  File "/home/luojintao/.local/lib/python3.5/site-packages/scrapy/spidermiddlewares/urllength.py", line 37, in <genexpr>
    return (r for r in result or () if _filter(r))
  File "/home/luojintao/.local/lib/python3.5/site-packages/scrapy/spidermiddlewares/depth.py", line 58, in <genexpr>
    return (r for r in result or () if _filter(r))
  File "/home/luojintao/lagou/lagou/spiders/lagou_spider.py", line 38, in parse
    positionResult = content.get('positionResult')
AttributeError: 'NoneType' object has no attribute 'get'
2018-05-10 17:51:15 [scrapy.core.engine] INFO: Closing spider (finished)
2018-05-10 17:51:15 [scrapy.statscollectors] INFO: Dumping Scrapy stats:
{'downloader/request_bytes': 4006,
 'downloader/request_count': 5,
 'downloader/request_method_count/POST': 5,
 'downloader/response_bytes': 96823,
 'downloader/response_count': 5,
 'downloader/response_status_count/200': 5,
 'finish_reason': 'finished',
 'finish_time': datetime.datetime(2018, 5, 10, 9, 51, 15, 704028),
 'item_scraped_count': 60,
 'log_count/ERROR': 1,
 'log_count/INFO': 7,
 'memusage/max': 51662848,
 'memusage/startup': 51662848,
 'request_depth_max': 4,
 'response_received_count': 5,
 'scheduler/dequeued': 5,
 'scheduler/dequeued/memory': 5,
 'scheduler/enqueued': 5,
 'scheduler/enqueued/memory': 5,
 'spider_exceptions/AttributeError': 1,
 'start_time': datetime.datetime(2018, 5, 10, 9, 51, 11, 67314)}
2018-05-10 17:51:15 [scrapy.core.engine] INFO: Spider closed (finished)
2018-05-10 18:09:16 [scrapy.utils.log] INFO: Scrapy 1.5.0 started (bot: lagou)
2018-05-10 18:09:16 [scrapy.utils.log] INFO: Versions: lxml 4.2.1.0, libxml2 2.9.8, cssselect 1.0.3, parsel 1.4.0, w3lib 1.19.0, Twisted 18.4.0, Python 3.5.2 (default, Nov 23 2017, 16:37:01) - [GCC 5.4.0 20160609], pyOpenSSL 17.5.0 (OpenSSL 1.0.2g  1 Mar 2016), cryptography 2.2.2, Platform Linux-4.13.0-39-generic-x86_64-with-Ubuntu-16.04-xenial
2018-05-10 18:09:16 [scrapy.crawler] INFO: Overridden settings: {'SPIDER_MODULES': ['lagou.spiders'], 'LOG_FILE': 'ten.log', 'LOG_LEVEL': 'INFO', 'BOT_NAME': 'lagou', 'NEWSPIDER_MODULE': 'lagou.spiders', 'USER_AGENT': 'Mozilla/5.0 (X11; Linux x86_64) AppleWebKit/537.36 (KHTML, like Gecko) Chrome/66.0.3359.139 Safari/537.36', 'DOWNLOAD_DELAY': 1}
2018-05-10 18:09:16 [scrapy.middleware] INFO: Enabled extensions:
['scrapy.extensions.corestats.CoreStats',
 'scrapy.extensions.telnet.TelnetConsole',
 'scrapy.extensions.memusage.MemoryUsage',
 'scrapy.extensions.logstats.LogStats']
2018-05-10 18:09:16 [scrapy.middleware] INFO: Enabled downloader middlewares:
['scrapy.downloadermiddlewares.httpauth.HttpAuthMiddleware',
 'scrapy.downloadermiddlewares.downloadtimeout.DownloadTimeoutMiddleware',
 'scrapy.downloadermiddlewares.defaultheaders.DefaultHeadersMiddleware',
 'scrapy.downloadermiddlewares.useragent.UserAgentMiddleware',
 'scrapy.downloadermiddlewares.retry.RetryMiddleware',
 'scrapy.downloadermiddlewares.redirect.MetaRefreshMiddleware',
 'scrapy.downloadermiddlewares.httpcompression.HttpCompressionMiddleware',
 'scrapy.downloadermiddlewares.redirect.RedirectMiddleware',
 'scrapy.downloadermiddlewares.cookies.CookiesMiddleware',
 'scrapy.downloadermiddlewares.httpproxy.HttpProxyMiddleware',
 'scrapy.downloadermiddlewares.stats.DownloaderStats']
2018-05-10 18:09:16 [scrapy.middleware] INFO: Enabled spider middlewares:
['scrapy.spidermiddlewares.httperror.HttpErrorMiddleware',
 'scrapy.spidermiddlewares.offsite.OffsiteMiddleware',
 'scrapy.spidermiddlewares.referer.RefererMiddleware',
 'scrapy.spidermiddlewares.urllength.UrlLengthMiddleware',
 'scrapy.spidermiddlewares.depth.DepthMiddleware']
2018-05-10 18:09:16 [scrapy.middleware] INFO: Enabled item pipelines:
['lagou.pipelines.JsonWriterPipeline']
2018-05-10 18:09:16 [scrapy.core.engine] INFO: Spider opened
2018-05-10 18:09:16 [scrapy.extensions.logstats] INFO: Crawled 0 pages (at 0 pages/min), scraped 0 items (at 0 items/min)
2018-05-10 18:09:21 [scrapy.core.scraper] ERROR: Spider error processing <POST https://www.lagou.com/jobs/positionAjax.json?city=%E6%B7%B1%E5%9C%B3&needAddtionalResult=false> (referer: https://www.lagou.com/jobs/list_python?labelWords=&fromSearch=true&suginput=)
Traceback (most recent call last):
  File "/home/luojintao/.local/lib/python3.5/site-packages/scrapy/utils/defer.py", line 102, in iter_errback
    yield next(it)
  File "/home/luojintao/.local/lib/python3.5/site-packages/scrapy/spidermiddlewares/offsite.py", line 30, in process_spider_output
    for x in result:
  File "/home/luojintao/.local/lib/python3.5/site-packages/scrapy/spidermiddlewares/referer.py", line 339, in <genexpr>
    return (_set_referer(r) for r in result or ())
  File "/home/luojintao/.local/lib/python3.5/site-packages/scrapy/spidermiddlewares/urllength.py", line 37, in <genexpr>
    return (r for r in result or () if _filter(r))
  File "/home/luojintao/.local/lib/python3.5/site-packages/scrapy/spidermiddlewares/depth.py", line 58, in <genexpr>
    return (r for r in result or () if _filter(r))
  File "/home/luojintao/lagou/lagou/spiders/lagou_spider.py", line 39, in parse
    positionResult = content.get('positionResult')
AttributeError: 'NoneType' object has no attribute 'get'
2018-05-10 18:09:21 [scrapy.core.engine] INFO: Closing spider (finished)
2018-05-10 18:09:21 [scrapy.statscollectors] INFO: Dumping Scrapy stats:
{'downloader/request_bytes': 4006,
 'downloader/request_count': 5,
 'downloader/request_method_count/POST': 5,
 'downloader/response_bytes': 96570,
 'downloader/response_count': 5,
 'downloader/response_status_count/200': 5,
 'finish_reason': 'finished',
 'finish_time': datetime.datetime(2018, 5, 10, 10, 9, 21, 826005),
 'item_scraped_count': 60,
 'log_count/ERROR': 1,
 'log_count/INFO': 7,
 'memusage/max': 51822592,
 'memusage/startup': 51822592,
 'request_depth_max': 4,
 'response_received_count': 5,
 'scheduler/dequeued': 5,
 'scheduler/dequeued/memory': 5,
 'scheduler/enqueued': 5,
 'scheduler/enqueued/memory': 5,
 'spider_exceptions/AttributeError': 1,
 'start_time': datetime.datetime(2018, 5, 10, 10, 9, 16, 619183)}
2018-05-10 18:09:21 [scrapy.core.engine] INFO: Spider closed (finished)
2018-05-10 18:10:04 [scrapy.utils.log] INFO: Scrapy 1.5.0 started (bot: lagou)
2018-05-10 18:10:04 [scrapy.utils.log] INFO: Versions: lxml 4.2.1.0, libxml2 2.9.8, cssselect 1.0.3, parsel 1.4.0, w3lib 1.19.0, Twisted 18.4.0, Python 3.5.2 (default, Nov 23 2017, 16:37:01) - [GCC 5.4.0 20160609], pyOpenSSL 17.5.0 (OpenSSL 1.0.2g  1 Mar 2016), cryptography 2.2.2, Platform Linux-4.13.0-39-generic-x86_64-with-Ubuntu-16.04-xenial
2018-05-10 18:10:04 [scrapy.crawler] INFO: Overridden settings: {'DOWNLOAD_DELAY': 1, 'LOG_FILE': 'ten.log', 'LOG_LEVEL': 'INFO', 'SPIDER_MODULES': ['lagou.spiders'], 'USER_AGENT': 'Mozilla/5.0 (X11; Linux x86_64) AppleWebKit/537.36 (KHTML, like Gecko) Chrome/66.0.3359.139 Safari/537.36', 'NEWSPIDER_MODULE': 'lagou.spiders', 'BOT_NAME': 'lagou'}
2018-05-10 18:10:04 [scrapy.middleware] INFO: Enabled extensions:
['scrapy.extensions.corestats.CoreStats',
 'scrapy.extensions.logstats.LogStats',
 'scrapy.extensions.telnet.TelnetConsole',
 'scrapy.extensions.memusage.MemoryUsage']
2018-05-10 18:10:04 [scrapy.middleware] INFO: Enabled downloader middlewares:
['scrapy.downloadermiddlewares.httpauth.HttpAuthMiddleware',
 'scrapy.downloadermiddlewares.downloadtimeout.DownloadTimeoutMiddleware',
 'scrapy.downloadermiddlewares.defaultheaders.DefaultHeadersMiddleware',
 'scrapy.downloadermiddlewares.useragent.UserAgentMiddleware',
 'scrapy.downloadermiddlewares.retry.RetryMiddleware',
 'scrapy.downloadermiddlewares.redirect.MetaRefreshMiddleware',
 'scrapy.downloadermiddlewares.httpcompression.HttpCompressionMiddleware',
 'scrapy.downloadermiddlewares.redirect.RedirectMiddleware',
 'scrapy.downloadermiddlewares.cookies.CookiesMiddleware',
 'scrapy.downloadermiddlewares.httpproxy.HttpProxyMiddleware',
 'scrapy.downloadermiddlewares.stats.DownloaderStats']
2018-05-10 18:10:04 [scrapy.middleware] INFO: Enabled spider middlewares:
['scrapy.spidermiddlewares.httperror.HttpErrorMiddleware',
 'scrapy.spidermiddlewares.offsite.OffsiteMiddleware',
 'scrapy.spidermiddlewares.referer.RefererMiddleware',
 'scrapy.spidermiddlewares.urllength.UrlLengthMiddleware',
 'scrapy.spidermiddlewares.depth.DepthMiddleware']
2018-05-10 18:10:04 [scrapy.middleware] INFO: Enabled item pipelines:
['lagou.pipelines.JsonWriterPipeline']
2018-05-10 18:10:04 [scrapy.core.engine] INFO: Spider opened
2018-05-10 18:10:04 [scrapy.extensions.logstats] INFO: Crawled 0 pages (at 0 pages/min), scraped 0 items (at 0 items/min)
2018-05-10 18:10:09 [scrapy.core.scraper] ERROR: Spider error processing <POST https://www.lagou.com/jobs/positionAjax.json?city=%E6%B7%B1%E5%9C%B3&needAddtionalResult=false> (referer: https://www.lagou.com/jobs/list_python?labelWords=&fromSearch=true&suginput=)
Traceback (most recent call last):
  File "/home/luojintao/.local/lib/python3.5/site-packages/scrapy/utils/defer.py", line 102, in iter_errback
    yield next(it)
  File "/home/luojintao/.local/lib/python3.5/site-packages/scrapy/spidermiddlewares/offsite.py", line 30, in process_spider_output
    for x in result:
  File "/home/luojintao/.local/lib/python3.5/site-packages/scrapy/spidermiddlewares/referer.py", line 339, in <genexpr>
    return (_set_referer(r) for r in result or ())
  File "/home/luojintao/.local/lib/python3.5/site-packages/scrapy/spidermiddlewares/urllength.py", line 37, in <genexpr>
    return (r for r in result or () if _filter(r))
  File "/home/luojintao/.local/lib/python3.5/site-packages/scrapy/spidermiddlewares/depth.py", line 58, in <genexpr>
    return (r for r in result or () if _filter(r))
  File "/home/luojintao/lagou/lagou/spiders/lagou_spider.py", line 39, in parse
    positionResult = content.get('positionResult')
AttributeError: 'NoneType' object has no attribute 'get'
2018-05-10 18:10:09 [scrapy.core.engine] INFO: Closing spider (finished)
2018-05-10 18:10:09 [scrapy.statscollectors] INFO: Dumping Scrapy stats:
{'downloader/request_bytes': 4006,
 'downloader/request_count': 5,
 'downloader/request_method_count/POST': 5,
 'downloader/response_bytes': 96570,
 'downloader/response_count': 5,
 'downloader/response_status_count/200': 5,
 'finish_reason': 'finished',
 'finish_time': datetime.datetime(2018, 5, 10, 10, 10, 9, 961380),
 'item_scraped_count': 60,
 'log_count/ERROR': 1,
 'log_count/INFO': 7,
 'memusage/max': 51810304,
 'memusage/startup': 51810304,
 'request_depth_max': 4,
 'response_received_count': 5,
 'scheduler/dequeued': 5,
 'scheduler/dequeued/memory': 5,
 'scheduler/enqueued': 5,
 'scheduler/enqueued/memory': 5,
 'spider_exceptions/AttributeError': 1,
 'start_time': datetime.datetime(2018, 5, 10, 10, 10, 4, 465042)}
2018-05-10 18:10:09 [scrapy.core.engine] INFO: Spider closed (finished)
2018-05-10 18:15:51 [scrapy.utils.log] INFO: Scrapy 1.5.0 started (bot: lagou)
2018-05-10 18:15:51 [scrapy.utils.log] INFO: Versions: lxml 4.2.1.0, libxml2 2.9.8, cssselect 1.0.3, parsel 1.4.0, w3lib 1.19.0, Twisted 18.4.0, Python 3.5.2 (default, Nov 23 2017, 16:37:01) - [GCC 5.4.0 20160609], pyOpenSSL 17.5.0 (OpenSSL 1.0.2g  1 Mar 2016), cryptography 2.2.2, Platform Linux-4.13.0-39-generic-x86_64-with-Ubuntu-16.04-xenial
2018-05-10 18:15:51 [scrapy.crawler] INFO: Overridden settings: {'DOWNLOAD_DELAY': 1, 'USER_AGENT': 'Mozilla/5.0 (X11; Linux x86_64) AppleWebKit/537.36 (KHTML, like Gecko) Chrome/66.0.3359.139 Safari/537.36', 'BOT_NAME': 'lagou', 'LOG_FILE': 'ten.log', 'SPIDER_MODULES': ['lagou.spiders'], 'NEWSPIDER_MODULE': 'lagou.spiders', 'LOG_LEVEL': 'INFO'}
2018-05-10 18:15:51 [scrapy.middleware] INFO: Enabled extensions:
['scrapy.extensions.corestats.CoreStats',
 'scrapy.extensions.memusage.MemoryUsage',
 'scrapy.extensions.logstats.LogStats',
 'scrapy.extensions.telnet.TelnetConsole']
2018-05-10 18:15:51 [scrapy.middleware] INFO: Enabled downloader middlewares:
['scrapy.downloadermiddlewares.httpauth.HttpAuthMiddleware',
 'scrapy.downloadermiddlewares.downloadtimeout.DownloadTimeoutMiddleware',
 'scrapy.downloadermiddlewares.defaultheaders.DefaultHeadersMiddleware',
 'scrapy.downloadermiddlewares.useragent.UserAgentMiddleware',
 'scrapy.downloadermiddlewares.retry.RetryMiddleware',
 'scrapy.downloadermiddlewares.redirect.MetaRefreshMiddleware',
 'scrapy.downloadermiddlewares.httpcompression.HttpCompressionMiddleware',
 'scrapy.downloadermiddlewares.redirect.RedirectMiddleware',
 'scrapy.downloadermiddlewares.cookies.CookiesMiddleware',
 'scrapy.downloadermiddlewares.httpproxy.HttpProxyMiddleware',
 'scrapy.downloadermiddlewares.stats.DownloaderStats']
2018-05-10 18:15:51 [scrapy.middleware] INFO: Enabled spider middlewares:
['scrapy.spidermiddlewares.httperror.HttpErrorMiddleware',
 'scrapy.spidermiddlewares.offsite.OffsiteMiddleware',
 'scrapy.spidermiddlewares.referer.RefererMiddleware',
 'scrapy.spidermiddlewares.urllength.UrlLengthMiddleware',
 'scrapy.spidermiddlewares.depth.DepthMiddleware']
2018-05-10 18:15:51 [scrapy.middleware] INFO: Enabled item pipelines:
['lagou.pipelines.JsonWriterPipeline']
2018-05-10 18:15:51 [scrapy.core.engine] INFO: Spider opened
2018-05-10 18:15:51 [scrapy.extensions.logstats] INFO: Crawled 0 pages (at 0 pages/min), scraped 0 items (at 0 items/min)
2018-05-10 18:15:56 [scrapy.core.scraper] ERROR: Spider error processing <POST https://www.lagou.com/jobs/positionAjax.json?city=%E6%B7%B1%E5%9C%B3&needAddtionalResult=false> (referer: https://www.lagou.com/jobs/list_python?labelWords=&fromSearch=true&suginput=)
Traceback (most recent call last):
  File "/home/luojintao/.local/lib/python3.5/site-packages/scrapy/utils/defer.py", line 102, in iter_errback
    yield next(it)
  File "/home/luojintao/.local/lib/python3.5/site-packages/scrapy/spidermiddlewares/offsite.py", line 30, in process_spider_output
    for x in result:
  File "/home/luojintao/.local/lib/python3.5/site-packages/scrapy/spidermiddlewares/referer.py", line 339, in <genexpr>
    return (_set_referer(r) for r in result or ())
  File "/home/luojintao/.local/lib/python3.5/site-packages/scrapy/spidermiddlewares/urllength.py", line 37, in <genexpr>
    return (r for r in result or () if _filter(r))
  File "/home/luojintao/.local/lib/python3.5/site-packages/scrapy/spidermiddlewares/depth.py", line 58, in <genexpr>
    return (r for r in result or () if _filter(r))
  File "/home/luojintao/lagou/lagou/spiders/lagou_spider.py", line 39, in parse
    positionResult = content.get('positionResult')
AttributeError: 'NoneType' object has no attribute 'get'
2018-05-10 18:15:56 [scrapy.core.engine] INFO: Closing spider (finished)
2018-05-10 18:15:56 [scrapy.statscollectors] INFO: Dumping Scrapy stats:
{'downloader/request_bytes': 4046,
 'downloader/request_count': 5,
 'downloader/request_method_count/POST': 5,
 'downloader/response_bytes': 96570,
 'downloader/response_count': 5,
 'downloader/response_status_count/200': 5,
 'finish_reason': 'finished',
 'finish_time': datetime.datetime(2018, 5, 10, 10, 15, 56, 73702),
 'item_scraped_count': 60,
 'log_count/ERROR': 1,
 'log_count/INFO': 7,
 'memusage/max': 51363840,
 'memusage/startup': 51363840,
 'request_depth_max': 4,
 'response_received_count': 5,
 'scheduler/dequeued': 5,
 'scheduler/dequeued/memory': 5,
 'scheduler/enqueued': 5,
 'scheduler/enqueued/memory': 5,
 'spider_exceptions/AttributeError': 1,
 'start_time': datetime.datetime(2018, 5, 10, 10, 15, 51, 180062)}
2018-05-10 18:15:56 [scrapy.core.engine] INFO: Spider closed (finished)
2018-05-10 20:39:22 [scrapy.utils.log] INFO: Scrapy 1.5.0 started (bot: lagou)
2018-05-10 20:39:22 [scrapy.utils.log] INFO: Versions: lxml 4.2.1.0, libxml2 2.9.8, cssselect 1.0.3, parsel 1.4.0, w3lib 1.19.0, Twisted 18.4.0, Python 3.5.2 (default, Nov 23 2017, 16:37:01) - [GCC 5.4.0 20160609], pyOpenSSL 17.5.0 (OpenSSL 1.0.2g  1 Mar 2016), cryptography 2.2.2, Platform Linux-4.13.0-39-generic-x86_64-with-Ubuntu-16.04-xenial
2018-05-10 20:39:22 [scrapy.crawler] INFO: Overridden settings: {'NEWSPIDER_MODULE': 'lagou.spiders', 'LOG_FILE': 'ten.log', 'LOG_LEVEL': 'INFO', 'SPIDER_MODULES': ['lagou.spiders'], 'BOT_NAME': 'lagou', 'DOWNLOAD_DELAY': 1, 'USER_AGENT': 'Mozilla/5.0 (X11; Linux x86_64) AppleWebKit/537.36 (KHTML, like Gecko) Chrome/66.0.3359.139 Safari/537.36'}
2018-05-10 20:39:22 [scrapy.middleware] INFO: Enabled extensions:
['scrapy.extensions.logstats.LogStats',
 'scrapy.extensions.memusage.MemoryUsage',
 'scrapy.extensions.corestats.CoreStats',
 'scrapy.extensions.telnet.TelnetConsole']
2018-05-10 20:39:22 [py.warnings] WARNING: /home/luojintao/.local/lib/python3.5/site-packages/scrapy/utils/deprecate.py:156: ScrapyDeprecationWarning: `scrapy.contrib.downloadermiddleware.useragent.UserAgentMiddleware` class is deprecated, use `scrapy.downloadermiddlewares.useragent.UserAgentMiddleware` instead
  ScrapyDeprecationWarning)

2018-05-10 20:39:22 [py.warnings] WARNING: /home/luojintao/.local/lib/python3.5/site-packages/scrapy/utils/deprecate.py:156: ScrapyDeprecationWarning: `scrapy.contrib.downloadmiddleware.httpproxy.HttpProxyMiddleware` class is deprecated, use `scrapy.extensions.downloadmiddleware.httpproxy.HttpProxyMiddleware` instead
  ScrapyDeprecationWarning)

2018-05-10 20:39:22 [py.warnings] WARNING: /home/luojintao/lagou/lagou/middlewares/customProxy.py:3: ScrapyDeprecationWarning: Module `scrapy.contrib.downloadermiddleware.useragent` is deprecated, use `scrapy.downloadermiddlewares.useragent` instead
  from scrapy.contrib.downloadermiddleware.useragent import UserAgentMiddleware

2018-05-10 20:39:22 [twisted] CRITICAL: Unhandled error in Deferred:
2018-05-10 20:39:22 [twisted] CRITICAL: 
Traceback (most recent call last):
  File "/home/luojintao/.local/lib/python3.5/site-packages/scrapy/utils/misc.py", line 47, in load_object
    obj = getattr(mod, name)
AttributeError: module 'lagou.middlewares.customProxy' has no attribute 'RandomProxy'

During handling of the above exception, another exception occurred:

Traceback (most recent call last):
  File "/home/luojintao/.local/lib/python3.5/site-packages/twisted/internet/defer.py", line 1386, in _inlineCallbacks
    result = g.send(result)
  File "/home/luojintao/.local/lib/python3.5/site-packages/scrapy/crawler.py", line 80, in crawl
    self.engine = self._create_engine()
  File "/home/luojintao/.local/lib/python3.5/site-packages/scrapy/crawler.py", line 105, in _create_engine
    return ExecutionEngine(self, lambda _: self.stop())
  File "/home/luojintao/.local/lib/python3.5/site-packages/scrapy/core/engine.py", line 69, in __init__
    self.downloader = downloader_cls(crawler)
  File "/home/luojintao/.local/lib/python3.5/site-packages/scrapy/core/downloader/__init__.py", line 88, in __init__
    self.middleware = DownloaderMiddlewareManager.from_crawler(crawler)
  File "/home/luojintao/.local/lib/python3.5/site-packages/scrapy/middleware.py", line 58, in from_crawler
    return cls.from_settings(crawler.settings, crawler)
  File "/home/luojintao/.local/lib/python3.5/site-packages/scrapy/middleware.py", line 34, in from_settings
    mwcls = load_object(clspath)
  File "/home/luojintao/.local/lib/python3.5/site-packages/scrapy/utils/misc.py", line 49, in load_object
    raise NameError("Module '%s' doesn't define any object named '%s'" % (module, name))
NameError: Module 'lagou.middlewares.customProxy' doesn't define any object named 'RandomProxy'
2018-05-10 20:39:40 [scrapy.utils.log] INFO: Scrapy 1.5.0 started (bot: lagou)
2018-05-10 20:39:40 [scrapy.utils.log] INFO: Versions: lxml 4.2.1.0, libxml2 2.9.8, cssselect 1.0.3, parsel 1.4.0, w3lib 1.19.0, Twisted 18.4.0, Python 3.5.2 (default, Nov 23 2017, 16:37:01) - [GCC 5.4.0 20160609], pyOpenSSL 17.5.0 (OpenSSL 1.0.2g  1 Mar 2016), cryptography 2.2.2, Platform Linux-4.13.0-39-generic-x86_64-with-Ubuntu-16.04-xenial
2018-05-10 20:39:40 [scrapy.crawler] INFO: Overridden settings: {'NEWSPIDER_MODULE': 'lagou.spiders', 'USER_AGENT': 'Mozilla/5.0 (X11; Linux x86_64) AppleWebKit/537.36 (KHTML, like Gecko) Chrome/66.0.3359.139 Safari/537.36', 'LOG_FILE': 'ten.log', 'SPIDER_MODULES': ['lagou.spiders'], 'BOT_NAME': 'lagou', 'LOG_LEVEL': 'INFO', 'DOWNLOAD_DELAY': 1}
2018-05-10 20:39:40 [scrapy.middleware] INFO: Enabled extensions:
['scrapy.extensions.memusage.MemoryUsage',
 'scrapy.extensions.logstats.LogStats',
 'scrapy.extensions.telnet.TelnetConsole',
 'scrapy.extensions.corestats.CoreStats']
2018-05-10 20:39:40 [py.warnings] WARNING: /home/luojintao/.local/lib/python3.5/site-packages/scrapy/utils/deprecate.py:156: ScrapyDeprecationWarning: `scrapy.contrib.downloadermiddleware.useragent.UserAgentMiddleware` class is deprecated, use `scrapy.downloadermiddlewares.useragent.UserAgentMiddleware` instead
  ScrapyDeprecationWarning)

2018-05-10 20:39:40 [py.warnings] WARNING: /home/luojintao/.local/lib/python3.5/site-packages/scrapy/utils/deprecate.py:156: ScrapyDeprecationWarning: `scrapy.contrib.downloadmiddleware.httpproxy.HttpProxyMiddleware` class is deprecated, use `scrapy.extensions.downloadmiddleware.httpproxy.HttpProxyMiddleware` instead
  ScrapyDeprecationWarning)

2018-05-10 20:39:40 [py.warnings] WARNING: /home/luojintao/lagou/lagou/middlewares/customProxy.py:3: ScrapyDeprecationWarning: Module `scrapy.contrib.downloadermiddleware.useragent` is deprecated, use `scrapy.downloadermiddlewares.useragent` instead
  from scrapy.contrib.downloadermiddleware.useragent import UserAgentMiddleware

2018-05-10 20:39:40 [twisted] CRITICAL: Unhandled error in Deferred:
2018-05-10 20:39:40 [twisted] CRITICAL: 
Traceback (most recent call last):
  File "/home/luojintao/.local/lib/python3.5/site-packages/scrapy/utils/misc.py", line 47, in load_object
    obj = getattr(mod, name)
AttributeError: module 'lagou.middlewares.customProxy' has no attribute 'RandomProxy'

During handling of the above exception, another exception occurred:

Traceback (most recent call last):
  File "/home/luojintao/.local/lib/python3.5/site-packages/twisted/internet/defer.py", line 1386, in _inlineCallbacks
    result = g.send(result)
  File "/home/luojintao/.local/lib/python3.5/site-packages/scrapy/crawler.py", line 80, in crawl
    self.engine = self._create_engine()
  File "/home/luojintao/.local/lib/python3.5/site-packages/scrapy/crawler.py", line 105, in _create_engine
    return ExecutionEngine(self, lambda _: self.stop())
  File "/home/luojintao/.local/lib/python3.5/site-packages/scrapy/core/engine.py", line 69, in __init__
    self.downloader = downloader_cls(crawler)
  File "/home/luojintao/.local/lib/python3.5/site-packages/scrapy/core/downloader/__init__.py", line 88, in __init__
    self.middleware = DownloaderMiddlewareManager.from_crawler(crawler)
  File "/home/luojintao/.local/lib/python3.5/site-packages/scrapy/middleware.py", line 58, in from_crawler
    return cls.from_settings(crawler.settings, crawler)
  File "/home/luojintao/.local/lib/python3.5/site-packages/scrapy/middleware.py", line 34, in from_settings
    mwcls = load_object(clspath)
  File "/home/luojintao/.local/lib/python3.5/site-packages/scrapy/utils/misc.py", line 49, in load_object
    raise NameError("Module '%s' doesn't define any object named '%s'" % (module, name))
NameError: Module 'lagou.middlewares.customProxy' doesn't define any object named 'RandomProxy'
2018-05-10 20:42:16 [scrapy.utils.log] INFO: Scrapy 1.5.0 started (bot: lagou)
2018-05-10 20:42:16 [scrapy.utils.log] INFO: Versions: lxml 4.2.1.0, libxml2 2.9.8, cssselect 1.0.3, parsel 1.4.0, w3lib 1.19.0, Twisted 18.4.0, Python 3.5.2 (default, Nov 23 2017, 16:37:01) - [GCC 5.4.0 20160609], pyOpenSSL 17.5.0 (OpenSSL 1.0.2g  1 Mar 2016), cryptography 2.2.2, Platform Linux-4.13.0-39-generic-x86_64-with-Ubuntu-16.04-xenial
2018-05-10 20:42:16 [scrapy.crawler] INFO: Overridden settings: {'DOWNLOAD_DELAY': 1, 'LOG_LEVEL': 'INFO', 'USER_AGENT': 'Mozilla/5.0 (X11; Linux x86_64) AppleWebKit/537.36 (KHTML, like Gecko) Chrome/66.0.3359.139 Safari/537.36', 'BOT_NAME': 'lagou', 'SPIDER_MODULES': ['lagou.spiders'], 'LOG_FILE': 'ten.log', 'NEWSPIDER_MODULE': 'lagou.spiders'}
2018-05-10 20:42:16 [scrapy.middleware] INFO: Enabled extensions:
['scrapy.extensions.corestats.CoreStats',
 'scrapy.extensions.logstats.LogStats',
 'scrapy.extensions.telnet.TelnetConsole',
 'scrapy.extensions.memusage.MemoryUsage']
2018-05-10 20:42:16 [py.warnings] WARNING: /home/luojintao/.local/lib/python3.5/site-packages/scrapy/utils/deprecate.py:156: ScrapyDeprecationWarning: `scrapy.contrib.downloadmiddleware.httpproxy.HttpProxyMiddleware` class is deprecated, use `scrapy.extensions.downloadmiddleware.httpproxy.HttpProxyMiddleware` instead
  ScrapyDeprecationWarning)

2018-05-10 20:42:16 [py.warnings] WARNING: /home/luojintao/.local/lib/python3.5/site-packages/scrapy/utils/deprecate.py:156: ScrapyDeprecationWarning: `scrapy.contrib.downloadermiddleware.useragent.UserAgentMiddleware` class is deprecated, use `scrapy.downloadermiddlewares.useragent.UserAgentMiddleware` instead
  ScrapyDeprecationWarning)

2018-05-10 20:42:16 [twisted] CRITICAL: Unhandled error in Deferred:
2018-05-10 20:42:16 [twisted] CRITICAL: 
Traceback (most recent call last):
  File "/home/luojintao/.local/lib/python3.5/site-packages/twisted/internet/defer.py", line 1386, in _inlineCallbacks
    result = g.send(result)
  File "/home/luojintao/.local/lib/python3.5/site-packages/scrapy/crawler.py", line 80, in crawl
    self.engine = self._create_engine()
  File "/home/luojintao/.local/lib/python3.5/site-packages/scrapy/crawler.py", line 105, in _create_engine
    return ExecutionEngine(self, lambda _: self.stop())
  File "/home/luojintao/.local/lib/python3.5/site-packages/scrapy/core/engine.py", line 69, in __init__
    self.downloader = downloader_cls(crawler)
  File "/home/luojintao/.local/lib/python3.5/site-packages/scrapy/core/downloader/__init__.py", line 88, in __init__
    self.middleware = DownloaderMiddlewareManager.from_crawler(crawler)
  File "/home/luojintao/.local/lib/python3.5/site-packages/scrapy/middleware.py", line 58, in from_crawler
    return cls.from_settings(crawler.settings, crawler)
  File "/home/luojintao/.local/lib/python3.5/site-packages/scrapy/middleware.py", line 34, in from_settings
    mwcls = load_object(clspath)
  File "/home/luojintao/.local/lib/python3.5/site-packages/scrapy/utils/misc.py", line 44, in load_object
    mod = import_module(module)
  File "/usr/lib/python3.5/importlib/__init__.py", line 126, in import_module
    return _bootstrap._gcd_import(name[level:], package, level)
  File "<frozen importlib._bootstrap>", line 986, in _gcd_import
  File "<frozen importlib._bootstrap>", line 969, in _find_and_load
  File "<frozen importlib._bootstrap>", line 944, in _find_and_load_unlocked
  File "<frozen importlib._bootstrap>", line 222, in _call_with_frames_removed
  File "<frozen importlib._bootstrap>", line 986, in _gcd_import
  File "<frozen importlib._bootstrap>", line 969, in _find_and_load
  File "<frozen importlib._bootstrap>", line 956, in _find_and_load_unlocked
ImportError: No module named 'scrapy.extensions.downloadmiddleware'
2018-05-10 20:45:32 [scrapy.utils.log] INFO: Scrapy 1.5.0 started (bot: lagou)
2018-05-10 20:45:32 [scrapy.utils.log] INFO: Versions: lxml 4.2.1.0, libxml2 2.9.8, cssselect 1.0.3, parsel 1.4.0, w3lib 1.19.0, Twisted 18.4.0, Python 3.5.2 (default, Nov 23 2017, 16:37:01) - [GCC 5.4.0 20160609], pyOpenSSL 17.5.0 (OpenSSL 1.0.2g  1 Mar 2016), cryptography 2.2.2, Platform Linux-4.13.0-39-generic-x86_64-with-Ubuntu-16.04-xenial
2018-05-10 20:45:32 [scrapy.crawler] INFO: Overridden settings: {'BOT_NAME': 'lagou', 'NEWSPIDER_MODULE': 'lagou.spiders', 'USER_AGENT': 'Mozilla/5.0 (X11; Linux x86_64) AppleWebKit/537.36 (KHTML, like Gecko) Chrome/66.0.3359.139 Safari/537.36', 'LOG_LEVEL': 'INFO', 'LOG_FILE': 'ten.log', 'SPIDER_MODULES': ['lagou.spiders'], 'DOWNLOAD_DELAY': 1}
2018-05-10 20:45:32 [scrapy.middleware] INFO: Enabled extensions:
['scrapy.extensions.logstats.LogStats',
 'scrapy.extensions.telnet.TelnetConsole',
 'scrapy.extensions.corestats.CoreStats',
 'scrapy.extensions.memusage.MemoryUsage']
2018-05-10 20:45:32 [py.warnings] WARNING: /home/luojintao/.local/lib/python3.5/site-packages/scrapy/utils/deprecate.py:156: ScrapyDeprecationWarning: `scrapy.contrib.downloadmiddleware.httpproxy.HttpProxyMiddleware` class is deprecated, use `scrapy.extensions.downloadmiddleware.httpproxy.HttpProxyMiddleware` instead
  ScrapyDeprecationWarning)

2018-05-10 20:45:32 [py.warnings] WARNING: /home/luojintao/.local/lib/python3.5/site-packages/scrapy/utils/deprecate.py:156: ScrapyDeprecationWarning: `scrapy.contrib.downloadermiddleware.useragent.UserAgentMiddleware` class is deprecated, use `scrapy.downloadermiddlewares.useragent.UserAgentMiddleware` instead
  ScrapyDeprecationWarning)

2018-05-10 20:45:32 [twisted] CRITICAL: Unhandled error in Deferred:
2018-05-10 20:45:32 [twisted] CRITICAL: 
Traceback (most recent call last):
  File "/home/luojintao/.local/lib/python3.5/site-packages/twisted/internet/defer.py", line 1386, in _inlineCallbacks
    result = g.send(result)
  File "/home/luojintao/.local/lib/python3.5/site-packages/scrapy/crawler.py", line 80, in crawl
    self.engine = self._create_engine()
  File "/home/luojintao/.local/lib/python3.5/site-packages/scrapy/crawler.py", line 105, in _create_engine
    return ExecutionEngine(self, lambda _: self.stop())
  File "/home/luojintao/.local/lib/python3.5/site-packages/scrapy/core/engine.py", line 69, in __init__
    self.downloader = downloader_cls(crawler)
  File "/home/luojintao/.local/lib/python3.5/site-packages/scrapy/core/downloader/__init__.py", line 88, in __init__
    self.middleware = DownloaderMiddlewareManager.from_crawler(crawler)
  File "/home/luojintao/.local/lib/python3.5/site-packages/scrapy/middleware.py", line 58, in from_crawler
    return cls.from_settings(crawler.settings, crawler)
  File "/home/luojintao/.local/lib/python3.5/site-packages/scrapy/middleware.py", line 34, in from_settings
    mwcls = load_object(clspath)
  File "/home/luojintao/.local/lib/python3.5/site-packages/scrapy/utils/misc.py", line 44, in load_object
    mod = import_module(module)
  File "/usr/lib/python3.5/importlib/__init__.py", line 126, in import_module
    return _bootstrap._gcd_import(name[level:], package, level)
  File "<frozen importlib._bootstrap>", line 986, in _gcd_import
  File "<frozen importlib._bootstrap>", line 969, in _find_and_load
  File "<frozen importlib._bootstrap>", line 944, in _find_and_load_unlocked
  File "<frozen importlib._bootstrap>", line 222, in _call_with_frames_removed
  File "<frozen importlib._bootstrap>", line 986, in _gcd_import
  File "<frozen importlib._bootstrap>", line 969, in _find_and_load
  File "<frozen importlib._bootstrap>", line 956, in _find_and_load_unlocked
ImportError: No module named 'scrapy.extensions.downloadmiddleware'
2018-05-10 20:55:05 [scrapy.utils.log] INFO: Scrapy 1.5.0 started (bot: lagou)
2018-05-10 20:55:05 [scrapy.utils.log] INFO: Versions: lxml 4.2.1.0, libxml2 2.9.8, cssselect 1.0.3, parsel 1.4.0, w3lib 1.19.0, Twisted 18.4.0, Python 3.5.2 (default, Nov 23 2017, 16:37:01) - [GCC 5.4.0 20160609], pyOpenSSL 17.5.0 (OpenSSL 1.0.2g  1 Mar 2016), cryptography 2.2.2, Platform Linux-4.13.0-39-generic-x86_64-with-Ubuntu-16.04-xenial
2018-05-10 20:55:05 [scrapy.crawler] INFO: Overridden settings: {'BOT_NAME': 'lagou', 'SPIDER_MODULES': ['lagou.spiders'], 'DOWNLOAD_DELAY': 1, 'NEWSPIDER_MODULE': 'lagou.spiders', 'LOG_FILE': 'ten.log', 'USER_AGENT': 'Mozilla/5.0 (X11; Linux x86_64) AppleWebKit/537.36 (KHTML, like Gecko) Chrome/66.0.3359.139 Safari/537.36', 'LOG_LEVEL': 'INFO'}
2018-05-10 20:55:05 [scrapy.middleware] INFO: Enabled extensions:
['scrapy.extensions.telnet.TelnetConsole',
 'scrapy.extensions.logstats.LogStats',
 'scrapy.extensions.corestats.CoreStats',
 'scrapy.extensions.memusage.MemoryUsage']
2018-05-10 20:55:05 [py.warnings] WARNING: /home/luojintao/.local/lib/python3.5/site-packages/scrapy/utils/deprecate.py:156: ScrapyDeprecationWarning: `scrapy.contrib.downloadermiddleware.httpproxy.HttpProxyMiddleware` class is deprecated, use `scrapy.downloadermiddlewares.httpproxy.HttpProxyMiddleware` instead
  ScrapyDeprecationWarning)

2018-05-10 20:55:05 [py.warnings] WARNING: /home/luojintao/.local/lib/python3.5/site-packages/scrapy/utils/deprecate.py:156: ScrapyDeprecationWarning: `scrapy.contrib.downloadermiddleware.useragent.UserAgentMiddleware` class is deprecated, use `scrapy.downloadermiddlewares.useragent.UserAgentMiddleware` instead
  ScrapyDeprecationWarning)

2018-05-10 20:55:05 [py.warnings] WARNING: /home/luojintao/lagou/lagou/middlewares/customUserAgent.py:3: ScrapyDeprecationWarning: Module `scrapy.contrib.downloadermiddleware.useragent` is deprecated, use `scrapy.downloadermiddlewares.useragent` instead
  from scrapy.contrib.downloadermiddleware.useragent import UserAgentMiddleware

2018-05-10 20:55:05 [scrapy.middleware] INFO: Enabled downloader middlewares:
['scrapy.downloadermiddlewares.httpauth.HttpAuthMiddleware',
 'lagou.middlewares.customProxy.RandomProxy',
 'scrapy.downloadermiddlewares.downloadtimeout.DownloadTimeoutMiddleware',
 'scrapy.downloadermiddlewares.httpproxy.HttpProxyMiddleware',
 'scrapy.downloadermiddlewares.defaultheaders.DefaultHeadersMiddleware',
 'lagou.middlewares.customUserAgent.RandomUserAgent',
 'scrapy.downloadermiddlewares.retry.RetryMiddleware',
 'scrapy.downloadermiddlewares.redirect.MetaRefreshMiddleware',
 'scrapy.downloadermiddlewares.httpcompression.HttpCompressionMiddleware',
 'scrapy.downloadermiddlewares.redirect.RedirectMiddleware',
 'scrapy.downloadermiddlewares.cookies.CookiesMiddleware',
 'scrapy.downloadermiddlewares.stats.DownloaderStats']
2018-05-10 20:55:05 [scrapy.middleware] INFO: Enabled spider middlewares:
['scrapy.spidermiddlewares.httperror.HttpErrorMiddleware',
 'scrapy.spidermiddlewares.offsite.OffsiteMiddleware',
 'scrapy.spidermiddlewares.referer.RefererMiddleware',
 'scrapy.spidermiddlewares.urllength.UrlLengthMiddleware',
 'scrapy.spidermiddlewares.depth.DepthMiddleware']
2018-05-10 20:55:05 [scrapy.middleware] INFO: Enabled item pipelines:
['lagou.pipelines.JsonWriterPipeline']
2018-05-10 20:55:05 [scrapy.core.engine] INFO: Spider opened
2018-05-10 20:55:05 [scrapy.extensions.logstats] INFO: Crawled 0 pages (at 0 pages/min), scraped 0 items (at 0 items/min)
2018-05-10 20:56:05 [scrapy.extensions.logstats] INFO: Crawled 3 pages (at 3 pages/min), scraped 45 items (at 45 items/min)
2018-05-10 20:56:21 [scrapy.core.scraper] ERROR: Spider error processing <POST https://www.lagou.com/jobs/positionAjax.json?city=%E6%B7%B1%E5%9C%B3&needAddtionalResult=false> (referer: https://www.lagou.com/jobs/list_python?labelWords=&fromSearch=true&suginput=)
Traceback (most recent call last):
  File "/home/luojintao/.local/lib/python3.5/site-packages/scrapy/utils/defer.py", line 102, in iter_errback
    yield next(it)
  File "/home/luojintao/.local/lib/python3.5/site-packages/scrapy/spidermiddlewares/offsite.py", line 30, in process_spider_output
    for x in result:
  File "/home/luojintao/.local/lib/python3.5/site-packages/scrapy/spidermiddlewares/referer.py", line 339, in <genexpr>
    return (_set_referer(r) for r in result or ())
  File "/home/luojintao/.local/lib/python3.5/site-packages/scrapy/spidermiddlewares/urllength.py", line 37, in <genexpr>
    return (r for r in result or () if _filter(r))
  File "/home/luojintao/.local/lib/python3.5/site-packages/scrapy/spidermiddlewares/depth.py", line 58, in <genexpr>
    return (r for r in result or () if _filter(r))
  File "/home/luojintao/lagou/lagou/spiders/lagou_spider.py", line 39, in parse
    positionResult = content.get('positionResult')
AttributeError: 'NoneType' object has no attribute 'get'
2018-05-10 20:56:21 [scrapy.core.engine] INFO: Closing spider (finished)
2018-05-10 20:56:21 [scrapy.statscollectors] INFO: Dumping Scrapy stats:
{'downloader/exception_count': 4,
 'downloader/exception_type_count/twisted.internet.error.ConnectionRefusedError': 3,
 'downloader/exception_type_count/twisted.web._newclient.ResponseNeverReceived': 1,
 'downloader/request_bytes': 9068,
 'downloader/request_count': 11,
 'downloader/request_method_count/POST': 11,
 'downloader/response_bytes': 143891,
 'downloader/response_count': 7,
 'downloader/response_status_count/200': 7,
 'finish_reason': 'finished',
 'finish_time': datetime.datetime(2018, 5, 10, 12, 56, 21, 495307),
 'item_scraped_count': 90,
 'log_count/ERROR': 1,
 'log_count/INFO': 8,
 'log_count/WARNING': 3,
 'memusage/max': 52830208,
 'memusage/startup': 51113984,
 'request_depth_max': 6,
 'response_received_count': 7,
 'retry/count': 4,
 'retry/reason_count/twisted.internet.error.ConnectionRefusedError': 3,
 'retry/reason_count/twisted.web._newclient.ResponseNeverReceived': 1,
 'scheduler/dequeued': 11,
 'scheduler/dequeued/memory': 11,
 'scheduler/enqueued': 11,
 'scheduler/enqueued/memory': 11,
 'spider_exceptions/AttributeError': 1,
 'start_time': datetime.datetime(2018, 5, 10, 12, 55, 5, 827178)}
2018-05-10 20:56:21 [scrapy.core.engine] INFO: Spider closed (finished)
2018-05-10 20:56:55 [scrapy.utils.log] INFO: Scrapy 1.5.0 started (bot: lagou)
2018-05-10 20:56:55 [scrapy.utils.log] INFO: Versions: lxml 4.2.1.0, libxml2 2.9.8, cssselect 1.0.3, parsel 1.4.0, w3lib 1.19.0, Twisted 18.4.0, Python 3.5.2 (default, Nov 23 2017, 16:37:01) - [GCC 5.4.0 20160609], pyOpenSSL 17.5.0 (OpenSSL 1.0.2g  1 Mar 2016), cryptography 2.2.2, Platform Linux-4.13.0-39-generic-x86_64-with-Ubuntu-16.04-xenial
2018-05-10 20:56:55 [scrapy.crawler] INFO: Overridden settings: {'BOT_NAME': 'lagou', 'LOG_LEVEL': 'INFO', 'DOWNLOAD_DELAY': 1, 'NEWSPIDER_MODULE': 'lagou.spiders', 'SPIDER_MODULES': ['lagou.spiders'], 'LOG_FILE': 'ten.log', 'USER_AGENT': 'Mozilla/5.0 (X11; Linux x86_64) AppleWebKit/537.36 (KHTML, like Gecko) Chrome/66.0.3359.139 Safari/537.36'}
2018-05-10 20:56:56 [scrapy.middleware] INFO: Enabled extensions:
['scrapy.extensions.telnet.TelnetConsole',
 'scrapy.extensions.logstats.LogStats',
 'scrapy.extensions.corestats.CoreStats',
 'scrapy.extensions.memusage.MemoryUsage']
2018-05-10 20:56:56 [py.warnings] WARNING: /home/luojintao/.local/lib/python3.5/site-packages/scrapy/utils/deprecate.py:156: ScrapyDeprecationWarning: `scrapy.contrib.downloadermiddleware.httpproxy.HttpProxyMiddleware` class is deprecated, use `scrapy.downloadermiddlewares.httpproxy.HttpProxyMiddleware` instead
  ScrapyDeprecationWarning)

2018-05-10 20:56:56 [py.warnings] WARNING: /home/luojintao/.local/lib/python3.5/site-packages/scrapy/utils/deprecate.py:156: ScrapyDeprecationWarning: `scrapy.contrib.downloadermiddleware.useragent.UserAgentMiddleware` class is deprecated, use `scrapy.downloadermiddlewares.useragent.UserAgentMiddleware` instead
  ScrapyDeprecationWarning)

2018-05-10 20:56:56 [py.warnings] WARNING: /home/luojintao/lagou/lagou/middlewares/customUserAgent.py:3: ScrapyDeprecationWarning: Module `scrapy.contrib.downloadermiddleware.useragent` is deprecated, use `scrapy.downloadermiddlewares.useragent` instead
  from scrapy.contrib.downloadermiddleware.useragent import UserAgentMiddleware

2018-05-10 20:56:56 [scrapy.middleware] INFO: Enabled downloader middlewares:
['lagou.middlewares.customProxy.RandomProxy',
 'scrapy.downloadermiddlewares.httpauth.HttpAuthMiddleware',
 'scrapy.downloadermiddlewares.downloadtimeout.DownloadTimeoutMiddleware',
 'scrapy.downloadermiddlewares.httpproxy.HttpProxyMiddleware',
 'scrapy.downloadermiddlewares.defaultheaders.DefaultHeadersMiddleware',
 'lagou.middlewares.customUserAgent.RandomUserAgent',
 'scrapy.downloadermiddlewares.retry.RetryMiddleware',
 'scrapy.downloadermiddlewares.redirect.MetaRefreshMiddleware',
 'scrapy.downloadermiddlewares.httpcompression.HttpCompressionMiddleware',
 'scrapy.downloadermiddlewares.redirect.RedirectMiddleware',
 'scrapy.downloadermiddlewares.cookies.CookiesMiddleware',
 'scrapy.downloadermiddlewares.stats.DownloaderStats']
2018-05-10 20:56:56 [scrapy.middleware] INFO: Enabled spider middlewares:
['scrapy.spidermiddlewares.httperror.HttpErrorMiddleware',
 'scrapy.spidermiddlewares.offsite.OffsiteMiddleware',
 'scrapy.spidermiddlewares.referer.RefererMiddleware',
 'scrapy.spidermiddlewares.urllength.UrlLengthMiddleware',
 'scrapy.spidermiddlewares.depth.DepthMiddleware']
2018-05-10 20:56:56 [scrapy.middleware] INFO: Enabled item pipelines:
['lagou.pipelines.JsonWriterPipeline']
2018-05-10 20:56:56 [scrapy.core.engine] INFO: Spider opened
2018-05-10 20:56:56 [scrapy.extensions.logstats] INFO: Crawled 0 pages (at 0 pages/min), scraped 0 items (at 0 items/min)
2018-05-10 20:56:58 [scrapy.core.scraper] ERROR: Error downloading <POST https://www.lagou.com/jobs/positionAjax.json?city=%E6%B7%B1%E5%9C%B3&needAddtionalResult=false>: [<twisted.python.failure.Failure OpenSSL.SSL.Error: [('SSL routines', 'ssl23_read', 'ssl handshake failure')]>]
2018-05-10 20:56:58 [scrapy.core.engine] INFO: Closing spider (finished)
2018-05-10 20:56:58 [scrapy.statscollectors] INFO: Dumping Scrapy stats:
{'downloader/exception_count': 3,
 'downloader/exception_type_count/twisted.internet.error.ConnectionRefusedError': 1,
 'downloader/exception_type_count/twisted.web._newclient.ResponseNeverReceived': 2,
 'downloader/request_bytes': 2094,
 'downloader/request_count': 3,
 'downloader/request_method_count/POST': 3,
 'finish_reason': 'finished',
 'finish_time': datetime.datetime(2018, 5, 10, 12, 56, 58, 432098),
 'log_count/ERROR': 1,
 'log_count/INFO': 7,
 'log_count/WARNING': 3,
 'memusage/max': 51408896,
 'memusage/startup': 51408896,
 'retry/count': 2,
 'retry/max_reached': 1,
 'retry/reason_count/twisted.internet.error.ConnectionRefusedError': 1,
 'retry/reason_count/twisted.web._newclient.ResponseNeverReceived': 1,
 'scheduler/dequeued': 3,
 'scheduler/dequeued/memory': 3,
 'scheduler/enqueued': 3,
 'scheduler/enqueued/memory': 3,
 'start_time': datetime.datetime(2018, 5, 10, 12, 56, 56, 51607)}
2018-05-10 20:56:58 [scrapy.core.engine] INFO: Spider closed (finished)
2018-05-10 20:57:15 [scrapy.utils.log] INFO: Scrapy 1.5.0 started (bot: lagou)
2018-05-10 20:57:15 [scrapy.utils.log] INFO: Versions: lxml 4.2.1.0, libxml2 2.9.8, cssselect 1.0.3, parsel 1.4.0, w3lib 1.19.0, Twisted 18.4.0, Python 3.5.2 (default, Nov 23 2017, 16:37:01) - [GCC 5.4.0 20160609], pyOpenSSL 17.5.0 (OpenSSL 1.0.2g  1 Mar 2016), cryptography 2.2.2, Platform Linux-4.13.0-39-generic-x86_64-with-Ubuntu-16.04-xenial
2018-05-10 20:57:15 [scrapy.crawler] INFO: Overridden settings: {'NEWSPIDER_MODULE': 'lagou.spiders', 'SPIDER_MODULES': ['lagou.spiders'], 'BOT_NAME': 'lagou', 'LOG_LEVEL': 'INFO', 'LOG_FILE': 'ten.log', 'USER_AGENT': 'Mozilla/5.0 (X11; Linux x86_64) AppleWebKit/537.36 (KHTML, like Gecko) Chrome/66.0.3359.139 Safari/537.36', 'DOWNLOAD_DELAY': 1}
2018-05-10 20:57:15 [scrapy.middleware] INFO: Enabled extensions:
['scrapy.extensions.logstats.LogStats',
 'scrapy.extensions.corestats.CoreStats',
 'scrapy.extensions.telnet.TelnetConsole',
 'scrapy.extensions.memusage.MemoryUsage']
2018-05-10 20:57:15 [py.warnings] WARNING: /home/luojintao/.local/lib/python3.5/site-packages/scrapy/utils/deprecate.py:156: ScrapyDeprecationWarning: `scrapy.contrib.downloadermiddleware.httpproxy.HttpProxyMiddleware` class is deprecated, use `scrapy.downloadermiddlewares.httpproxy.HttpProxyMiddleware` instead
  ScrapyDeprecationWarning)

2018-05-10 20:57:15 [py.warnings] WARNING: /home/luojintao/.local/lib/python3.5/site-packages/scrapy/utils/deprecate.py:156: ScrapyDeprecationWarning: `scrapy.contrib.downloadermiddleware.useragent.UserAgentMiddleware` class is deprecated, use `scrapy.downloadermiddlewares.useragent.UserAgentMiddleware` instead
  ScrapyDeprecationWarning)

2018-05-10 20:57:15 [py.warnings] WARNING: /home/luojintao/lagou/lagou/middlewares/customUserAgent.py:3: ScrapyDeprecationWarning: Module `scrapy.contrib.downloadermiddleware.useragent` is deprecated, use `scrapy.downloadermiddlewares.useragent` instead
  from scrapy.contrib.downloadermiddleware.useragent import UserAgentMiddleware

2018-05-10 20:57:15 [scrapy.middleware] INFO: Enabled downloader middlewares:
['lagou.middlewares.customProxy.RandomProxy',
 'scrapy.downloadermiddlewares.httpauth.HttpAuthMiddleware',
 'scrapy.downloadermiddlewares.downloadtimeout.DownloadTimeoutMiddleware',
 'scrapy.downloadermiddlewares.httpproxy.HttpProxyMiddleware',
 'scrapy.downloadermiddlewares.defaultheaders.DefaultHeadersMiddleware',
 'lagou.middlewares.customUserAgent.RandomUserAgent',
 'scrapy.downloadermiddlewares.retry.RetryMiddleware',
 'scrapy.downloadermiddlewares.redirect.MetaRefreshMiddleware',
 'scrapy.downloadermiddlewares.httpcompression.HttpCompressionMiddleware',
 'scrapy.downloadermiddlewares.redirect.RedirectMiddleware',
 'scrapy.downloadermiddlewares.cookies.CookiesMiddleware',
 'scrapy.downloadermiddlewares.stats.DownloaderStats']
2018-05-10 20:57:15 [scrapy.middleware] INFO: Enabled spider middlewares:
['scrapy.spidermiddlewares.httperror.HttpErrorMiddleware',
 'scrapy.spidermiddlewares.offsite.OffsiteMiddleware',
 'scrapy.spidermiddlewares.referer.RefererMiddleware',
 'scrapy.spidermiddlewares.urllength.UrlLengthMiddleware',
 'scrapy.spidermiddlewares.depth.DepthMiddleware']
2018-05-10 20:57:15 [scrapy.middleware] INFO: Enabled item pipelines:
['lagou.pipelines.JsonWriterPipeline']
2018-05-10 20:57:15 [scrapy.core.engine] INFO: Spider opened
2018-05-10 20:57:15 [scrapy.extensions.logstats] INFO: Crawled 0 pages (at 0 pages/min), scraped 0 items (at 0 items/min)
2018-05-10 20:58:15 [scrapy.extensions.logstats] INFO: Crawled 1 pages (at 1 pages/min), scraped 15 items (at 15 items/min)
2018-05-10 20:59:15 [scrapy.extensions.logstats] INFO: Crawled 1 pages (at 0 pages/min), scraped 15 items (at 0 items/min)
2018-05-10 21:00:15 [scrapy.extensions.logstats] INFO: Crawled 1 pages (at 0 pages/min), scraped 15 items (at 0 items/min)
2018-05-10 21:00:19 [scrapy.core.scraper] ERROR: Error downloading <POST https://www.lagou.com/jobs/positionAjax.json?city=%E6%B7%B1%E5%9C%B3&needAddtionalResult=false>: Connection was refused by other side: 111: Connection refused.
2018-05-10 21:00:19 [scrapy.core.engine] INFO: Closing spider (finished)
2018-05-10 21:00:19 [scrapy.statscollectors] INFO: Dumping Scrapy stats:
{'downloader/exception_count': 3,
 'downloader/exception_type_count/twisted.internet.error.ConnectionRefusedError': 1,
 'downloader/exception_type_count/twisted.internet.error.TimeoutError': 1,
 'downloader/exception_type_count/twisted.web._newclient.ResponseNeverReceived': 1,
 'downloader/request_bytes': 3209,
 'downloader/request_count': 4,
 'downloader/request_method_count/POST': 4,
 'downloader/response_bytes': 23581,
 'downloader/response_count': 1,
 'downloader/response_status_count/200': 1,
 'finish_reason': 'finished',
 'finish_time': datetime.datetime(2018, 5, 10, 13, 0, 19, 225678),
 'item_scraped_count': 15,
 'log_count/ERROR': 1,
 'log_count/INFO': 10,
 'log_count/WARNING': 3,
 'memusage/max': 53051392,
 'memusage/startup': 51490816,
 'request_depth_max': 1,
 'response_received_count': 1,
 'retry/count': 2,
 'retry/max_reached': 1,
 'retry/reason_count/twisted.internet.error.TimeoutError': 1,
 'retry/reason_count/twisted.web._newclient.ResponseNeverReceived': 1,
 'scheduler/dequeued': 4,
 'scheduler/dequeued/memory': 4,
 'scheduler/enqueued': 4,
 'scheduler/enqueued/memory': 4,
 'start_time': datetime.datetime(2018, 5, 10, 12, 57, 15, 768201)}
2018-05-10 21:00:19 [scrapy.core.engine] INFO: Spider closed (finished)
2018-05-10 21:03:15 [scrapy.utils.log] INFO: Scrapy 1.5.0 started (bot: lagou)
2018-05-10 21:03:15 [scrapy.utils.log] INFO: Versions: lxml 4.2.1.0, libxml2 2.9.8, cssselect 1.0.3, parsel 1.4.0, w3lib 1.19.0, Twisted 18.4.0, Python 3.5.2 (default, Nov 23 2017, 16:37:01) - [GCC 5.4.0 20160609], pyOpenSSL 17.5.0 (OpenSSL 1.0.2g  1 Mar 2016), cryptography 2.2.2, Platform Linux-4.13.0-39-generic-x86_64-with-Ubuntu-16.04-xenial
2018-05-10 21:03:15 [scrapy.crawler] INFO: Overridden settings: {'SPIDER_MODULES': ['lagou.spiders'], 'LOG_FILE': 'ten.log', 'BOT_NAME': 'lagou', 'USER_AGENT': 'Mozilla/5.0 (X11; Linux x86_64) AppleWebKit/537.36 (KHTML, like Gecko) Chrome/66.0.3359.139 Safari/537.36', 'DOWNLOAD_DELAY': 1, 'NEWSPIDER_MODULE': 'lagou.spiders', 'LOG_LEVEL': 'INFO'}
2018-05-10 21:03:15 [scrapy.middleware] INFO: Enabled extensions:
['scrapy.extensions.memusage.MemoryUsage',
 'scrapy.extensions.telnet.TelnetConsole',
 'scrapy.extensions.logstats.LogStats',
 'scrapy.extensions.corestats.CoreStats']
2018-05-10 21:03:15 [py.warnings] WARNING: /home/luojintao/.local/lib/python3.5/site-packages/scrapy/utils/deprecate.py:156: ScrapyDeprecationWarning: `scrapy.contrib.downloadermiddleware.useragent.UserAgentMiddleware` class is deprecated, use `scrapy.downloadermiddlewares.useragent.UserAgentMiddleware` instead
  ScrapyDeprecationWarning)

2018-05-10 21:03:15 [py.warnings] WARNING: /home/luojintao/.local/lib/python3.5/site-packages/scrapy/utils/deprecate.py:156: ScrapyDeprecationWarning: `scrapy.contrib.downloadermiddleware.httpproxy.HttpProxyMiddleware` class is deprecated, use `scrapy.downloadermiddlewares.httpproxy.HttpProxyMiddleware` instead
  ScrapyDeprecationWarning)

2018-05-10 21:03:15 [py.warnings] WARNING: /home/luojintao/lagou/lagou/middlewares/customUserAgent.py:3: ScrapyDeprecationWarning: Module `scrapy.contrib.downloadermiddleware.useragent` is deprecated, use `scrapy.downloadermiddlewares.useragent` instead
  from scrapy.contrib.downloadermiddleware.useragent import UserAgentMiddleware

2018-05-10 21:03:15 [scrapy.middleware] INFO: Enabled downloader middlewares:
['scrapy.downloadermiddlewares.httpauth.HttpAuthMiddleware',
 'lagou.middlewares.customProxy.RandomProxy',
 'scrapy.downloadermiddlewares.downloadtimeout.DownloadTimeoutMiddleware',
 'scrapy.downloadermiddlewares.defaultheaders.DefaultHeadersMiddleware',
 'scrapy.downloadermiddlewares.httpproxy.HttpProxyMiddleware',
 'lagou.middlewares.customUserAgent.RandomUserAgent',
 'scrapy.downloadermiddlewares.retry.RetryMiddleware',
 'scrapy.downloadermiddlewares.redirect.MetaRefreshMiddleware',
 'scrapy.downloadermiddlewares.httpcompression.HttpCompressionMiddleware',
 'scrapy.downloadermiddlewares.redirect.RedirectMiddleware',
 'scrapy.downloadermiddlewares.cookies.CookiesMiddleware',
 'scrapy.downloadermiddlewares.stats.DownloaderStats']
2018-05-10 21:03:15 [scrapy.middleware] INFO: Enabled spider middlewares:
['scrapy.spidermiddlewares.httperror.HttpErrorMiddleware',
 'scrapy.spidermiddlewares.offsite.OffsiteMiddleware',
 'scrapy.spidermiddlewares.referer.RefererMiddleware',
 'scrapy.spidermiddlewares.urllength.UrlLengthMiddleware',
 'scrapy.spidermiddlewares.depth.DepthMiddleware']
2018-05-10 21:03:15 [scrapy.middleware] INFO: Enabled item pipelines:
['lagou.pipelines.JsonWriterPipeline']
2018-05-10 21:03:15 [scrapy.core.engine] INFO: Spider opened
2018-05-10 21:03:15 [scrapy.extensions.logstats] INFO: Crawled 0 pages (at 0 pages/min), scraped 0 items (at 0 items/min)
2018-05-10 21:04:15 [scrapy.extensions.logstats] INFO: Crawled 1 pages (at 1 pages/min), scraped 15 items (at 15 items/min)
2018-05-10 21:04:26 [scrapy.core.scraper] ERROR: Error downloading <POST https://www.lagou.com/jobs/positionAjax.json?city=%E6%B7%B1%E5%9C%B3&needAddtionalResult=false>: Connection was refused by other side: 111: Connection refused.
2018-05-10 21:04:26 [scrapy.core.engine] INFO: Closing spider (finished)
2018-05-10 21:04:26 [scrapy.statscollectors] INFO: Dumping Scrapy stats:
{'downloader/exception_count': 4,
 'downloader/exception_type_count/twisted.internet.error.ConnectionRefusedError': 4,
 'downloader/request_bytes': 3907,
 'downloader/request_count': 5,
 'downloader/request_method_count/POST': 5,
 'downloader/response_bytes': 23581,
 'downloader/response_count': 1,
 'downloader/response_status_count/200': 1,
 'finish_reason': 'finished',
 'finish_time': datetime.datetime(2018, 5, 10, 13, 4, 26, 623585),
 'item_scraped_count': 15,
 'log_count/ERROR': 1,
 'log_count/INFO': 8,
 'log_count/WARNING': 3,
 'memusage/max': 53092352,
 'memusage/startup': 51175424,
 'request_depth_max': 1,
 'response_received_count': 1,
 'retry/count': 3,
 'retry/max_reached': 1,
 'retry/reason_count/twisted.internet.error.ConnectionRefusedError': 3,
 'scheduler/dequeued': 5,
 'scheduler/dequeued/memory': 5,
 'scheduler/enqueued': 5,
 'scheduler/enqueued/memory': 5,
 'start_time': datetime.datetime(2018, 5, 10, 13, 3, 15, 350218)}
2018-05-10 21:04:26 [scrapy.core.engine] INFO: Spider closed (finished)
2018-05-10 21:23:25 [scrapy.utils.log] INFO: Scrapy 1.5.0 started (bot: lagou)
2018-05-10 21:23:25 [scrapy.utils.log] INFO: Versions: lxml 4.2.1.0, libxml2 2.9.8, cssselect 1.0.3, parsel 1.4.0, w3lib 1.19.0, Twisted 18.4.0, Python 3.5.2 (default, Nov 23 2017, 16:37:01) - [GCC 5.4.0 20160609], pyOpenSSL 17.5.0 (OpenSSL 1.0.2g  1 Mar 2016), cryptography 2.2.2, Platform Linux-4.13.0-39-generic-x86_64-with-Ubuntu-16.04-xenial
2018-05-10 21:23:25 [scrapy.crawler] INFO: Overridden settings: {'BOT_NAME': 'lagou', 'USER_AGENT': 'Mozilla/5.0 (X11; Linux x86_64) AppleWebKit/537.36 (KHTML, like Gecko) Chrome/66.0.3359.139 Safari/537.36', 'LOG_LEVEL': 'INFO', 'LOG_FILE': 'ten.log', 'DOWNLOAD_DELAY': 1, 'NEWSPIDER_MODULE': 'lagou.spiders', 'SPIDER_MODULES': ['lagou.spiders']}
2018-05-10 21:23:25 [scrapy.middleware] INFO: Enabled extensions:
['scrapy.extensions.telnet.TelnetConsole',
 'scrapy.extensions.memusage.MemoryUsage',
 'scrapy.extensions.corestats.CoreStats',
 'scrapy.extensions.logstats.LogStats']
2018-05-10 21:23:25 [py.warnings] WARNING: /home/luojintao/.local/lib/python3.5/site-packages/scrapy/utils/deprecate.py:156: ScrapyDeprecationWarning: `scrapy.contrib.downloadermiddleware.useragent.UserAgentMiddleware` class is deprecated, use `scrapy.downloadermiddlewares.useragent.UserAgentMiddleware` instead
  ScrapyDeprecationWarning)

2018-05-10 21:23:25 [py.warnings] WARNING: /home/luojintao/.local/lib/python3.5/site-packages/scrapy/utils/deprecate.py:156: ScrapyDeprecationWarning: `scrapy.contrib.downloadermiddleware.httpproxy.HttpProxyMiddleware` class is deprecated, use `scrapy.downloadermiddlewares.httpproxy.HttpProxyMiddleware` instead
  ScrapyDeprecationWarning)

2018-05-10 21:23:25 [py.warnings] WARNING: /home/luojintao/lagou/lagou/middlewares/customUserAgent.py:3: ScrapyDeprecationWarning: Module `scrapy.contrib.downloadermiddleware.useragent` is deprecated, use `scrapy.downloadermiddlewares.useragent` instead
  from scrapy.contrib.downloadermiddleware.useragent import UserAgentMiddleware

2018-05-10 21:23:25 [scrapy.middleware] INFO: Enabled downloader middlewares:
['scrapy.downloadermiddlewares.httpauth.HttpAuthMiddleware',
 'lagou.middlewares.customProxy.RandomProxy',
 'scrapy.downloadermiddlewares.downloadtimeout.DownloadTimeoutMiddleware',
 'scrapy.downloadermiddlewares.defaultheaders.DefaultHeadersMiddleware',
 'scrapy.downloadermiddlewares.httpproxy.HttpProxyMiddleware',
 'lagou.middlewares.customUserAgent.RandomUserAgent',
 'scrapy.downloadermiddlewares.retry.RetryMiddleware',
 'scrapy.downloadermiddlewares.redirect.MetaRefreshMiddleware',
 'scrapy.downloadermiddlewares.httpcompression.HttpCompressionMiddleware',
 'scrapy.downloadermiddlewares.redirect.RedirectMiddleware',
 'scrapy.downloadermiddlewares.cookies.CookiesMiddleware',
 'scrapy.downloadermiddlewares.stats.DownloaderStats']
2018-05-10 21:23:25 [scrapy.middleware] INFO: Enabled spider middlewares:
['scrapy.spidermiddlewares.httperror.HttpErrorMiddleware',
 'scrapy.spidermiddlewares.offsite.OffsiteMiddleware',
 'scrapy.spidermiddlewares.referer.RefererMiddleware',
 'scrapy.spidermiddlewares.urllength.UrlLengthMiddleware',
 'scrapy.spidermiddlewares.depth.DepthMiddleware']
2018-05-10 21:23:25 [scrapy.middleware] INFO: Enabled item pipelines:
['lagou.pipelines.JsonWriterPipeline']
2018-05-10 21:23:25 [scrapy.core.engine] INFO: Spider opened
2018-05-10 21:23:25 [scrapy.extensions.logstats] INFO: Crawled 0 pages (at 0 pages/min), scraped 0 items (at 0 items/min)
2018-05-10 21:23:39 [scrapy.core.scraper] ERROR: Error downloading <POST https://www.lagou.com/jobs/positionAjax.json?city=%E6%B7%B1%E5%9C%B3&needAddtionalResult=false>: [<twisted.python.failure.Failure OpenSSL.SSL.Error: [('SSL routines', 'ssl23_read', 'ssl handshake failure')]>]
2018-05-10 21:23:39 [scrapy.core.engine] INFO: Closing spider (finished)
2018-05-10 21:23:39 [scrapy.statscollectors] INFO: Dumping Scrapy stats:
{'downloader/exception_count': 4,
 'downloader/exception_type_count/twisted.internet.error.ConnectionRefusedError': 2,
 'downloader/exception_type_count/twisted.web._newclient.ResponseNeverReceived': 2,
 'downloader/request_bytes': 5581,
 'downloader/request_count': 7,
 'downloader/request_method_count/POST': 7,
 'downloader/response_bytes': 72183,
 'downloader/response_count': 3,
 'downloader/response_status_count/200': 3,
 'finish_reason': 'finished',
 'finish_time': datetime.datetime(2018, 5, 10, 13, 23, 39, 702763),
 'item_scraped_count': 45,
 'log_count/ERROR': 1,
 'log_count/INFO': 7,
 'log_count/WARNING': 3,
 'memusage/max': 51458048,
 'memusage/startup': 51458048,
 'request_depth_max': 3,
 'response_received_count': 3,
 'retry/count': 3,
 'retry/max_reached': 1,
 'retry/reason_count/twisted.internet.error.ConnectionRefusedError': 2,
 'retry/reason_count/twisted.web._newclient.ResponseNeverReceived': 1,
 'scheduler/dequeued': 7,
 'scheduler/dequeued/memory': 7,
 'scheduler/enqueued': 7,
 'scheduler/enqueued/memory': 7,
 'start_time': datetime.datetime(2018, 5, 10, 13, 23, 25, 981818)}
2018-05-10 21:23:39 [scrapy.core.engine] INFO: Spider closed (finished)
2018-05-10 21:29:36 [scrapy.utils.log] INFO: Scrapy 1.5.0 started (bot: lagou)
2018-05-10 21:29:36 [scrapy.utils.log] INFO: Versions: lxml 4.2.1.0, libxml2 2.9.8, cssselect 1.0.3, parsel 1.4.0, w3lib 1.19.0, Twisted 18.4.0, Python 3.5.2 (default, Nov 23 2017, 16:37:01) - [GCC 5.4.0 20160609], pyOpenSSL 17.5.0 (OpenSSL 1.0.2g  1 Mar 2016), cryptography 2.2.2, Platform Linux-4.13.0-39-generic-x86_64-with-Ubuntu-16.04-xenial
2018-05-10 21:29:36 [scrapy.crawler] INFO: Overridden settings: {'LOG_FILE': 'ten.log', 'USER_AGENT': 'Mozilla/5.0 (X11; Linux x86_64) AppleWebKit/537.36 (KHTML, like Gecko) Chrome/66.0.3359.139 Safari/537.36', 'LOG_LEVEL': 'INFO', 'NEWSPIDER_MODULE': 'lagou.spiders', 'SPIDER_MODULES': ['lagou.spiders'], 'COOKIES_ENABLED': False, 'BOT_NAME': 'lagou', 'DOWNLOAD_DELAY': 1}
2018-05-10 21:29:36 [scrapy.middleware] INFO: Enabled extensions:
['scrapy.extensions.telnet.TelnetConsole',
 'scrapy.extensions.logstats.LogStats',
 'scrapy.extensions.corestats.CoreStats',
 'scrapy.extensions.memusage.MemoryUsage']
2018-05-10 21:29:36 [py.warnings] WARNING: /home/luojintao/.local/lib/python3.5/site-packages/scrapy/utils/deprecate.py:156: ScrapyDeprecationWarning: `scrapy.contrib.downloadermiddleware.httpproxy.HttpProxyMiddleware` class is deprecated, use `scrapy.downloadermiddlewares.httpproxy.HttpProxyMiddleware` instead
  ScrapyDeprecationWarning)

2018-05-10 21:29:36 [py.warnings] WARNING: /home/luojintao/.local/lib/python3.5/site-packages/scrapy/utils/deprecate.py:156: ScrapyDeprecationWarning: `scrapy.contrib.downloadermiddleware.useragent.UserAgentMiddleware` class is deprecated, use `scrapy.downloadermiddlewares.useragent.UserAgentMiddleware` instead
  ScrapyDeprecationWarning)

2018-05-10 21:29:36 [py.warnings] WARNING: /home/luojintao/lagou/lagou/middlewares/customUserAgent.py:3: ScrapyDeprecationWarning: Module `scrapy.contrib.downloadermiddleware.useragent` is deprecated, use `scrapy.downloadermiddlewares.useragent` instead
  from scrapy.contrib.downloadermiddleware.useragent import UserAgentMiddleware

2018-05-10 21:29:37 [scrapy.middleware] INFO: Enabled downloader middlewares:
['lagou.middlewares.customProxy.RandomProxy',
 'scrapy.downloadermiddlewares.httpauth.HttpAuthMiddleware',
 'scrapy.downloadermiddlewares.downloadtimeout.DownloadTimeoutMiddleware',
 'scrapy.downloadermiddlewares.httpproxy.HttpProxyMiddleware',
 'scrapy.downloadermiddlewares.defaultheaders.DefaultHeadersMiddleware',
 'lagou.middlewares.customUserAgent.RandomUserAgent',
 'scrapy.downloadermiddlewares.retry.RetryMiddleware',
 'scrapy.downloadermiddlewares.redirect.MetaRefreshMiddleware',
 'scrapy.downloadermiddlewares.httpcompression.HttpCompressionMiddleware',
 'scrapy.downloadermiddlewares.redirect.RedirectMiddleware',
 'scrapy.downloadermiddlewares.stats.DownloaderStats']
2018-05-10 21:29:37 [scrapy.middleware] INFO: Enabled spider middlewares:
['scrapy.spidermiddlewares.httperror.HttpErrorMiddleware',
 'scrapy.spidermiddlewares.offsite.OffsiteMiddleware',
 'scrapy.spidermiddlewares.referer.RefererMiddleware',
 'scrapy.spidermiddlewares.urllength.UrlLengthMiddleware',
 'scrapy.spidermiddlewares.depth.DepthMiddleware']
2018-05-10 21:29:37 [scrapy.middleware] INFO: Enabled item pipelines:
['lagou.pipelines.JsonWriterPipeline']
2018-05-10 21:29:37 [scrapy.core.engine] INFO: Spider opened
2018-05-10 21:29:37 [scrapy.extensions.logstats] INFO: Crawled 0 pages (at 0 pages/min), scraped 0 items (at 0 items/min)
2018-05-10 21:30:12 [scrapy.crawler] INFO: Received SIG_SETMASK, shutting down gracefully. Send again to force 
2018-05-10 21:30:12 [scrapy.core.engine] INFO: Closing spider (shutdown)
2018-05-10 21:30:32 [scrapy.crawler] INFO: Received SIG_SETMASK twice, forcing unclean shutdown
2018-05-10 21:30:32 [scrapy.statscollectors] INFO: Dumping Scrapy stats:
{'downloader/exception_count': 2,
 'downloader/exception_type_count/twisted.internet.error.ConnectError': 1,
 'downloader/exception_type_count/twisted.internet.error.ConnectionRefusedError': 1,
 'downloader/request_bytes': 2806,
 'downloader/request_count': 2,
 'downloader/request_method_count/POST': 2,
 'finish_reason': 'shutdown',
 'finish_time': datetime.datetime(2018, 5, 10, 13, 30, 32, 738114),
 'log_count/INFO': 9,
 'log_count/WARNING': 3,
 'memusage/max': 51404800,
 'memusage/startup': 51404800,
 'retry/count': 2,
 'retry/reason_count/twisted.internet.error.ConnectError': 1,
 'retry/reason_count/twisted.internet.error.ConnectionRefusedError': 1,
 'scheduler/dequeued': 2,
 'scheduler/dequeued/memory': 2,
 'scheduler/enqueued': 3,
 'scheduler/enqueued/memory': 3,
 'start_time': datetime.datetime(2018, 5, 10, 13, 29, 37, 13765)}
2018-05-10 21:30:32 [scrapy.core.engine] INFO: Spider closed (shutdown)
2018-05-10 21:30:42 [scrapy.utils.log] INFO: Scrapy 1.5.0 started (bot: lagou)
2018-05-10 21:30:42 [scrapy.utils.log] INFO: Versions: lxml 4.2.1.0, libxml2 2.9.8, cssselect 1.0.3, parsel 1.4.0, w3lib 1.19.0, Twisted 18.4.0, Python 3.5.2 (default, Nov 23 2017, 16:37:01) - [GCC 5.4.0 20160609], pyOpenSSL 17.5.0 (OpenSSL 1.0.2g  1 Mar 2016), cryptography 2.2.2, Platform Linux-4.13.0-39-generic-x86_64-with-Ubuntu-16.04-xenial
2018-05-10 21:30:42 [scrapy.crawler] INFO: Overridden settings: {'DOWNLOAD_DELAY': 0.25, 'LOG_FILE': 'ten.log', 'BOT_NAME': 'lagou', 'SPIDER_MODULES': ['lagou.spiders'], 'NEWSPIDER_MODULE': 'lagou.spiders', 'USER_AGENT': 'Mozilla/5.0 (X11; Linux x86_64) AppleWebKit/537.36 (KHTML, like Gecko) Chrome/66.0.3359.139 Safari/537.36', 'LOG_LEVEL': 'INFO'}
2018-05-10 21:30:42 [scrapy.middleware] INFO: Enabled extensions:
['scrapy.extensions.corestats.CoreStats',
 'scrapy.extensions.memusage.MemoryUsage',
 'scrapy.extensions.logstats.LogStats',
 'scrapy.extensions.telnet.TelnetConsole']
2018-05-10 21:30:42 [py.warnings] WARNING: /home/luojintao/.local/lib/python3.5/site-packages/scrapy/utils/deprecate.py:156: ScrapyDeprecationWarning: `scrapy.contrib.downloadermiddleware.httpproxy.HttpProxyMiddleware` class is deprecated, use `scrapy.downloadermiddlewares.httpproxy.HttpProxyMiddleware` instead
  ScrapyDeprecationWarning)

2018-05-10 21:30:42 [py.warnings] WARNING: /home/luojintao/.local/lib/python3.5/site-packages/scrapy/utils/deprecate.py:156: ScrapyDeprecationWarning: `scrapy.contrib.downloadermiddleware.useragent.UserAgentMiddleware` class is deprecated, use `scrapy.downloadermiddlewares.useragent.UserAgentMiddleware` instead
  ScrapyDeprecationWarning)

2018-05-10 21:30:42 [py.warnings] WARNING: /home/luojintao/lagou/lagou/middlewares/customUserAgent.py:3: ScrapyDeprecationWarning: Module `scrapy.contrib.downloadermiddleware.useragent` is deprecated, use `scrapy.downloadermiddlewares.useragent` instead
  from scrapy.contrib.downloadermiddleware.useragent import UserAgentMiddleware

2018-05-10 21:30:42 [scrapy.middleware] INFO: Enabled downloader middlewares:
['lagou.middlewares.customProxy.RandomProxy',
 'scrapy.downloadermiddlewares.httpauth.HttpAuthMiddleware',
 'scrapy.downloadermiddlewares.downloadtimeout.DownloadTimeoutMiddleware',
 'scrapy.downloadermiddlewares.defaultheaders.DefaultHeadersMiddleware',
 'scrapy.downloadermiddlewares.httpproxy.HttpProxyMiddleware',
 'lagou.middlewares.customUserAgent.RandomUserAgent',
 'scrapy.downloadermiddlewares.retry.RetryMiddleware',
 'scrapy.downloadermiddlewares.redirect.MetaRefreshMiddleware',
 'scrapy.downloadermiddlewares.httpcompression.HttpCompressionMiddleware',
 'scrapy.downloadermiddlewares.redirect.RedirectMiddleware',
 'scrapy.downloadermiddlewares.cookies.CookiesMiddleware',
 'scrapy.downloadermiddlewares.stats.DownloaderStats']
2018-05-10 21:30:42 [scrapy.middleware] INFO: Enabled spider middlewares:
['scrapy.spidermiddlewares.httperror.HttpErrorMiddleware',
 'scrapy.spidermiddlewares.offsite.OffsiteMiddleware',
 'scrapy.spidermiddlewares.referer.RefererMiddleware',
 'scrapy.spidermiddlewares.urllength.UrlLengthMiddleware',
 'scrapy.spidermiddlewares.depth.DepthMiddleware']
2018-05-10 21:30:42 [scrapy.middleware] INFO: Enabled item pipelines:
['lagou.pipelines.JsonWriterPipeline']
2018-05-10 21:30:42 [scrapy.core.engine] INFO: Spider opened
2018-05-10 21:30:42 [scrapy.extensions.logstats] INFO: Crawled 0 pages (at 0 pages/min), scraped 0 items (at 0 items/min)
2018-05-10 21:31:42 [scrapy.extensions.logstats] INFO: Crawled 0 pages (at 0 pages/min), scraped 0 items (at 0 items/min)
2018-05-10 21:32:42 [scrapy.extensions.logstats] INFO: Crawled 0 pages (at 0 pages/min), scraped 0 items (at 0 items/min)
2018-05-10 21:33:42 [scrapy.extensions.logstats] INFO: Crawled 0 pages (at 0 pages/min), scraped 0 items (at 0 items/min)
2018-05-10 21:34:42 [scrapy.extensions.logstats] INFO: Crawled 0 pages (at 0 pages/min), scraped 0 items (at 0 items/min)
2018-05-10 21:35:03 [scrapy.core.scraper] ERROR: Error downloading <POST https://www.lagou.com/jobs/positionAjax.json?city=%E6%B7%B1%E5%9C%B3&needAddtionalResult=false>: TCP connection timed out: 110: Connection timed out.
2018-05-10 21:35:03 [scrapy.core.engine] INFO: Closing spider (finished)
2018-05-10 21:35:03 [scrapy.statscollectors] INFO: Dumping Scrapy stats:
{'downloader/exception_count': 3,
 'downloader/exception_type_count/twisted.internet.error.ConnectionRefusedError': 1,
 'downloader/exception_type_count/twisted.internet.error.TCPTimedOutError': 2,
 'downloader/request_bytes': 2094,
 'downloader/request_count': 3,
 'downloader/request_method_count/POST': 3,
 'finish_reason': 'finished',
 'finish_time': datetime.datetime(2018, 5, 10, 13, 35, 3, 590446),
 'log_count/ERROR': 1,
 'log_count/INFO': 11,
 'log_count/WARNING': 3,
 'memusage/max': 51855360,
 'memusage/startup': 51191808,
 'retry/count': 2,
 'retry/max_reached': 1,
 'retry/reason_count/twisted.internet.error.ConnectionRefusedError': 1,
 'retry/reason_count/twisted.internet.error.TCPTimedOutError': 1,
 'scheduler/dequeued': 3,
 'scheduler/dequeued/memory': 3,
 'scheduler/enqueued': 3,
 'scheduler/enqueued/memory': 3,
 'start_time': datetime.datetime(2018, 5, 10, 13, 30, 42, 968548)}
2018-05-10 21:35:03 [scrapy.core.engine] INFO: Spider closed (finished)
2018-05-10 21:49:44 [scrapy.utils.log] INFO: Scrapy 1.5.0 started (bot: lagou)
2018-05-10 21:49:44 [scrapy.utils.log] INFO: Versions: lxml 4.2.1.0, libxml2 2.9.8, cssselect 1.0.3, parsel 1.4.0, w3lib 1.19.0, Twisted 18.4.0, Python 3.5.2 (default, Nov 23 2017, 16:37:01) - [GCC 5.4.0 20160609], pyOpenSSL 17.5.0 (OpenSSL 1.0.2g  1 Mar 2016), cryptography 2.2.2, Platform Linux-4.13.0-39-generic-x86_64-with-Ubuntu-16.04-xenial
2018-05-10 21:49:44 [scrapy.crawler] INFO: Overridden settings: {'SPIDER_MODULES': ['lagou.spiders'], 'LOG_FILE': 'ten.log', 'LOG_LEVEL': 'INFO', 'DOWNLOAD_DELAY': 0.25, 'BOT_NAME': 'lagou', 'USER_AGENT': 'Mozilla/5.0 (X11; Linux x86_64) AppleWebKit/537.36 (KHTML, like Gecko) Chrome/66.0.3359.139 Safari/537.36', 'NEWSPIDER_MODULE': 'lagou.spiders'}
2018-05-10 21:49:44 [scrapy.middleware] INFO: Enabled extensions:
['scrapy.extensions.telnet.TelnetConsole',
 'scrapy.extensions.corestats.CoreStats',
 'scrapy.extensions.logstats.LogStats',
 'scrapy.extensions.memusage.MemoryUsage']
2018-05-10 21:49:45 [twisted] CRITICAL: Unhandled error in Deferred:
2018-05-10 21:49:45 [twisted] CRITICAL: 
Traceback (most recent call last):
  File "/home/luojintao/.local/lib/python3.5/site-packages/twisted/internet/defer.py", line 1386, in _inlineCallbacks
    result = g.send(result)
  File "/home/luojintao/.local/lib/python3.5/site-packages/scrapy/crawler.py", line 80, in crawl
    self.engine = self._create_engine()
  File "/home/luojintao/.local/lib/python3.5/site-packages/scrapy/crawler.py", line 105, in _create_engine
    return ExecutionEngine(self, lambda _: self.stop())
  File "/home/luojintao/.local/lib/python3.5/site-packages/scrapy/core/engine.py", line 69, in __init__
    self.downloader = downloader_cls(crawler)
  File "/home/luojintao/.local/lib/python3.5/site-packages/scrapy/core/downloader/__init__.py", line 88, in __init__
    self.middleware = DownloaderMiddlewareManager.from_crawler(crawler)
  File "/home/luojintao/.local/lib/python3.5/site-packages/scrapy/middleware.py", line 58, in from_crawler
    return cls.from_settings(crawler.settings, crawler)
  File "/home/luojintao/.local/lib/python3.5/site-packages/scrapy/middleware.py", line 34, in from_settings
    mwcls = load_object(clspath)
  File "/home/luojintao/.local/lib/python3.5/site-packages/scrapy/utils/misc.py", line 44, in load_object
    mod = import_module(module)
  File "/usr/lib/python3.5/importlib/__init__.py", line 126, in import_module
    return _bootstrap._gcd_import(name[level:], package, level)
  File "<frozen importlib._bootstrap>", line 986, in _gcd_import
  File "<frozen importlib._bootstrap>", line 969, in _find_and_load
  File "<frozen importlib._bootstrap>", line 958, in _find_and_load_unlocked
  File "<frozen importlib._bootstrap>", line 673, in _load_unlocked
  File "<frozen importlib._bootstrap_external>", line 665, in exec_module
  File "<frozen importlib._bootstrap>", line 222, in _call_with_frames_removed
  File "/home/luojintao/lagou/lagou/middlewares/user_agent_middlewares.py", line 2, in <module>
    from fake_useragent import UserAgent
ImportError: No module named 'fake_useragent'
2018-05-10 21:54:14 [scrapy.utils.log] INFO: Scrapy 1.5.0 started (bot: lagou)
2018-05-10 21:54:14 [scrapy.utils.log] INFO: Versions: lxml 4.2.1.0, libxml2 2.9.8, cssselect 1.0.3, parsel 1.4.0, w3lib 1.19.0, Twisted 18.4.0, Python 3.5.2 (default, Nov 23 2017, 16:37:01) - [GCC 5.4.0 20160609], pyOpenSSL 17.5.0 (OpenSSL 1.0.2g  1 Mar 2016), cryptography 2.2.2, Platform Linux-4.13.0-39-generic-x86_64-with-Ubuntu-16.04-xenial
2018-05-10 21:54:14 [scrapy.crawler] INFO: Overridden settings: {'SPIDER_MODULES': ['lagou.spiders'], 'BOT_NAME': 'lagou', 'LOG_FILE': 'ten.log', 'LOG_LEVEL': 'INFO', 'DOWNLOAD_DELAY': 0.25, 'NEWSPIDER_MODULE': 'lagou.spiders', 'USER_AGENT': 'Mozilla/5.0 (X11; Linux x86_64) AppleWebKit/537.36 (KHTML, like Gecko) Chrome/66.0.3359.139 Safari/537.36'}
2018-05-10 21:54:14 [scrapy.middleware] INFO: Enabled extensions:
['scrapy.extensions.corestats.CoreStats',
 'scrapy.extensions.memusage.MemoryUsage',
 'scrapy.extensions.telnet.TelnetConsole',
 'scrapy.extensions.logstats.LogStats']
2018-05-10 21:54:24 [fake_useragent] WARNING: Error occurred during loading data. Trying to use cache server http://d2g6u4gh6d9rq0.cloudfront.net/browsers/fake_useragent_0.1.10.json
Traceback (most recent call last):
  File "/usr/lib/python3.5/urllib/request.py", line 1254, in do_open
    h.request(req.get_method(), req.selector, req.data, headers)
  File "/usr/lib/python3.5/http/client.py", line 1106, in request
    self._send_request(method, url, body, headers)
  File "/usr/lib/python3.5/http/client.py", line 1151, in _send_request
    self.endheaders(body)
  File "/usr/lib/python3.5/http/client.py", line 1102, in endheaders
    self._send_output(message_body)
  File "/usr/lib/python3.5/http/client.py", line 934, in _send_output
    self.send(msg)
  File "/usr/lib/python3.5/http/client.py", line 877, in send
    self.connect()
  File "/usr/lib/python3.5/http/client.py", line 1252, in connect
    super().connect()
  File "/usr/lib/python3.5/http/client.py", line 849, in connect
    (self.host,self.port), self.timeout, self.source_address)
  File "/usr/lib/python3.5/socket.py", line 711, in create_connection
    raise err
  File "/usr/lib/python3.5/socket.py", line 702, in create_connection
    sock.connect(sa)
socket.timeout: timed out

During handling of the above exception, another exception occurred:

Traceback (most recent call last):
  File "/usr/local/lib/python3.5/dist-packages/fake_useragent/utils.py", line 67, in get
    context=context,
  File "/usr/lib/python3.5/urllib/request.py", line 163, in urlopen
    return opener.open(url, data, timeout)
  File "/usr/lib/python3.5/urllib/request.py", line 466, in open
    response = self._open(req, data)
  File "/usr/lib/python3.5/urllib/request.py", line 484, in _open
    '_open', req)
  File "/usr/lib/python3.5/urllib/request.py", line 444, in _call_chain
    result = func(*args)
  File "/usr/lib/python3.5/urllib/request.py", line 1297, in https_open
    context=self._context, check_hostname=self._check_hostname)
  File "/usr/lib/python3.5/urllib/request.py", line 1256, in do_open
    raise URLError(err)
urllib.error.URLError: <urlopen error timed out>

During handling of the above exception, another exception occurred:

Traceback (most recent call last):
  File "/usr/local/lib/python3.5/dist-packages/fake_useragent/utils.py", line 154, in load
    for item in get_browsers(verify_ssl=verify_ssl):
  File "/usr/local/lib/python3.5/dist-packages/fake_useragent/utils.py", line 97, in get_browsers
    html = get(settings.BROWSERS_STATS_PAGE, verify_ssl=verify_ssl)
  File "/usr/local/lib/python3.5/dist-packages/fake_useragent/utils.py", line 84, in get
    raise FakeUserAgentError('Maximum amount of retries reached')
fake_useragent.errors.FakeUserAgentError: Maximum amount of retries reached
2018-05-10 21:54:44 [twisted] CRITICAL: Unhandled error in Deferred:
2018-05-10 21:54:44 [twisted] CRITICAL: 
Traceback (most recent call last):
  File "/usr/lib/python3.5/urllib/request.py", line 1254, in do_open
    h.request(req.get_method(), req.selector, req.data, headers)
  File "/usr/lib/python3.5/http/client.py", line 1106, in request
    self._send_request(method, url, body, headers)
  File "/usr/lib/python3.5/http/client.py", line 1151, in _send_request
    self.endheaders(body)
  File "/usr/lib/python3.5/http/client.py", line 1102, in endheaders
    self._send_output(message_body)
  File "/usr/lib/python3.5/http/client.py", line 934, in _send_output
    self.send(msg)
  File "/usr/lib/python3.5/http/client.py", line 877, in send
    self.connect()
  File "/usr/lib/python3.5/http/client.py", line 1252, in connect
    super().connect()
  File "/usr/lib/python3.5/http/client.py", line 849, in connect
    (self.host,self.port), self.timeout, self.source_address)
  File "/usr/lib/python3.5/socket.py", line 711, in create_connection
    raise err
  File "/usr/lib/python3.5/socket.py", line 702, in create_connection
    sock.connect(sa)
socket.timeout: timed out

During handling of the above exception, another exception occurred:

Traceback (most recent call last):
  File "/usr/local/lib/python3.5/dist-packages/fake_useragent/utils.py", line 67, in get
    context=context,
  File "/usr/lib/python3.5/urllib/request.py", line 163, in urlopen
    return opener.open(url, data, timeout)
  File "/usr/lib/python3.5/urllib/request.py", line 466, in open
    response = self._open(req, data)
  File "/usr/lib/python3.5/urllib/request.py", line 484, in _open
    '_open', req)
  File "/usr/lib/python3.5/urllib/request.py", line 444, in _call_chain
    result = func(*args)
  File "/usr/lib/python3.5/urllib/request.py", line 1297, in https_open
    context=self._context, check_hostname=self._check_hostname)
  File "/usr/lib/python3.5/urllib/request.py", line 1256, in do_open
    raise URLError(err)
urllib.error.URLError: <urlopen error timed out>

During handling of the above exception, another exception occurred:

Traceback (most recent call last):
  File "/usr/local/lib/python3.5/dist-packages/fake_useragent/utils.py", line 154, in load
    for item in get_browsers(verify_ssl=verify_ssl):
  File "/usr/local/lib/python3.5/dist-packages/fake_useragent/utils.py", line 97, in get_browsers
    html = get(settings.BROWSERS_STATS_PAGE, verify_ssl=verify_ssl)
  File "/usr/local/lib/python3.5/dist-packages/fake_useragent/utils.py", line 84, in get
    raise FakeUserAgentError('Maximum amount of retries reached')
fake_useragent.errors.FakeUserAgentError: Maximum amount of retries reached

During handling of the above exception, another exception occurred:

Traceback (most recent call last):
  File "/usr/lib/python3.5/urllib/request.py", line 1254, in do_open
    h.request(req.get_method(), req.selector, req.data, headers)
  File "/usr/lib/python3.5/http/client.py", line 1106, in request
    self._send_request(method, url, body, headers)
  File "/usr/lib/python3.5/http/client.py", line 1151, in _send_request
    self.endheaders(body)
  File "/usr/lib/python3.5/http/client.py", line 1102, in endheaders
    self._send_output(message_body)
  File "/usr/lib/python3.5/http/client.py", line 934, in _send_output
    self.send(msg)
  File "/usr/lib/python3.5/http/client.py", line 877, in send
    self.connect()
  File "/usr/lib/python3.5/http/client.py", line 849, in connect
    (self.host,self.port), self.timeout, self.source_address)
  File "/usr/lib/python3.5/socket.py", line 693, in create_connection
    for res in getaddrinfo(host, port, 0, SOCK_STREAM):
  File "/usr/lib/python3.5/socket.py", line 732, in getaddrinfo
    for res in _socket.getaddrinfo(host, port, family, type, proto, flags):
socket.gaierror: [Errno -3] Temporary failure in name resolution

During handling of the above exception, another exception occurred:

Traceback (most recent call last):
  File "/usr/local/lib/python3.5/dist-packages/fake_useragent/utils.py", line 67, in get
    context=context,
  File "/usr/lib/python3.5/urllib/request.py", line 163, in urlopen
    return opener.open(url, data, timeout)
  File "/usr/lib/python3.5/urllib/request.py", line 466, in open
    response = self._open(req, data)
  File "/usr/lib/python3.5/urllib/request.py", line 484, in _open
    '_open', req)
  File "/usr/lib/python3.5/urllib/request.py", line 444, in _call_chain
    result = func(*args)
  File "/usr/lib/python3.5/urllib/request.py", line 1282, in http_open
    return self.do_open(http.client.HTTPConnection, req)
  File "/usr/lib/python3.5/urllib/request.py", line 1256, in do_open
    raise URLError(err)
urllib.error.URLError: <urlopen error [Errno -3] Temporary failure in name resolution>

During handling of the above exception, another exception occurred:

Traceback (most recent call last):
  File "/home/luojintao/.local/lib/python3.5/site-packages/twisted/internet/defer.py", line 1386, in _inlineCallbacks
    result = g.send(result)
  File "/home/luojintao/.local/lib/python3.5/site-packages/scrapy/crawler.py", line 80, in crawl
    self.engine = self._create_engine()
  File "/home/luojintao/.local/lib/python3.5/site-packages/scrapy/crawler.py", line 105, in _create_engine
    return ExecutionEngine(self, lambda _: self.stop())
  File "/home/luojintao/.local/lib/python3.5/site-packages/scrapy/core/engine.py", line 69, in __init__
    self.downloader = downloader_cls(crawler)
  File "/home/luojintao/.local/lib/python3.5/site-packages/scrapy/core/downloader/__init__.py", line 88, in __init__
    self.middleware = DownloaderMiddlewareManager.from_crawler(crawler)
  File "/home/luojintao/.local/lib/python3.5/site-packages/scrapy/middleware.py", line 58, in from_crawler
    return cls.from_settings(crawler.settings, crawler)
  File "/home/luojintao/.local/lib/python3.5/site-packages/scrapy/middleware.py", line 36, in from_settings
    mw = mwcls.from_crawler(crawler)
  File "/home/luojintao/lagou/lagou/middlewares/user_agent_middlewares.py", line 13, in from_crawler
    return cls(crawler)
  File "/home/luojintao/lagou/lagou/middlewares/user_agent_middlewares.py", line 8, in __init__
    self.ua = UserAgent()
  File "/usr/local/lib/python3.5/dist-packages/fake_useragent/fake.py", line 69, in __init__
    self.load()
  File "/usr/local/lib/python3.5/dist-packages/fake_useragent/fake.py", line 78, in load
    verify_ssl=self.verify_ssl,
  File "/usr/local/lib/python3.5/dist-packages/fake_useragent/utils.py", line 250, in load_cached
    update(path, use_cache_server=use_cache_server, verify_ssl=verify_ssl)
  File "/usr/local/lib/python3.5/dist-packages/fake_useragent/utils.py", line 245, in update
    write(path, load(use_cache_server=use_cache_server, verify_ssl=verify_ssl))
  File "/usr/local/lib/python3.5/dist-packages/fake_useragent/utils.py", line 189, in load
    verify_ssl=verify_ssl,
  File "/usr/local/lib/python3.5/dist-packages/fake_useragent/utils.py", line 84, in get
    raise FakeUserAgentError('Maximum amount of retries reached')
fake_useragent.errors.FakeUserAgentError: Maximum amount of retries reached
2018-05-11 14:19:06 [scrapy.utils.log] INFO: Scrapy 1.5.0 started (bot: lagou)
2018-05-11 14:19:06 [scrapy.utils.log] INFO: Versions: lxml 4.2.1.0, libxml2 2.9.8, cssselect 1.0.3, parsel 1.4.0, w3lib 1.19.0, Twisted 18.4.0, Python 3.5.2 (default, Nov 23 2017, 16:37:01) - [GCC 5.4.0 20160609], pyOpenSSL 17.5.0 (OpenSSL 1.0.2g  1 Mar 2016), cryptography 2.2.2, Platform Linux-4.13.0-39-generic-x86_64-with-Ubuntu-16.04-xenial
2018-05-11 14:19:06 [scrapy.crawler] INFO: Overridden settings: {'BOT_NAME': 'lagou', 'LOG_LEVEL': 'INFO', 'DOWNLOAD_DELAY': 0.25, 'USER_AGENT': 'Mozilla/5.0 (X11; Linux x86_64) AppleWebKit/537.36 (KHTML, like Gecko) Chrome/66.0.3359.139 Safari/537.36', 'SPIDER_MODULES': ['lagou.spiders'], 'NEWSPIDER_MODULE': 'lagou.spiders', 'LOG_FILE': 'ten.log'}
2018-05-11 14:19:06 [scrapy.middleware] INFO: Enabled extensions:
['scrapy.extensions.memusage.MemoryUsage',
 'scrapy.extensions.telnet.TelnetConsole',
 'scrapy.extensions.logstats.LogStats',
 'scrapy.extensions.corestats.CoreStats']
2018-05-11 14:19:17 [fake_useragent] WARNING: Error occurred during loading data. Trying to use cache server http://d2g6u4gh6d9rq0.cloudfront.net/browsers/fake_useragent_0.1.10.json
Traceback (most recent call last):
  File "/usr/lib/python3.5/urllib/request.py", line 1254, in do_open
    h.request(req.get_method(), req.selector, req.data, headers)
  File "/usr/lib/python3.5/http/client.py", line 1106, in request
    self._send_request(method, url, body, headers)
  File "/usr/lib/python3.5/http/client.py", line 1151, in _send_request
    self.endheaders(body)
  File "/usr/lib/python3.5/http/client.py", line 1102, in endheaders
    self._send_output(message_body)
  File "/usr/lib/python3.5/http/client.py", line 934, in _send_output
    self.send(msg)
  File "/usr/lib/python3.5/http/client.py", line 877, in send
    self.connect()
  File "/usr/lib/python3.5/http/client.py", line 1252, in connect
    super().connect()
  File "/usr/lib/python3.5/http/client.py", line 849, in connect
    (self.host,self.port), self.timeout, self.source_address)
  File "/usr/lib/python3.5/socket.py", line 711, in create_connection
    raise err
  File "/usr/lib/python3.5/socket.py", line 702, in create_connection
    sock.connect(sa)
socket.timeout: timed out

During handling of the above exception, another exception occurred:

Traceback (most recent call last):
  File "/usr/local/lib/python3.5/dist-packages/fake_useragent/utils.py", line 67, in get
    context=context,
  File "/usr/lib/python3.5/urllib/request.py", line 163, in urlopen
    return opener.open(url, data, timeout)
  File "/usr/lib/python3.5/urllib/request.py", line 466, in open
    response = self._open(req, data)
  File "/usr/lib/python3.5/urllib/request.py", line 484, in _open
    '_open', req)
  File "/usr/lib/python3.5/urllib/request.py", line 444, in _call_chain
    result = func(*args)
  File "/usr/lib/python3.5/urllib/request.py", line 1297, in https_open
    context=self._context, check_hostname=self._check_hostname)
  File "/usr/lib/python3.5/urllib/request.py", line 1256, in do_open
    raise URLError(err)
urllib.error.URLError: <urlopen error timed out>

During handling of the above exception, another exception occurred:

Traceback (most recent call last):
  File "/usr/local/lib/python3.5/dist-packages/fake_useragent/utils.py", line 154, in load
    for item in get_browsers(verify_ssl=verify_ssl):
  File "/usr/local/lib/python3.5/dist-packages/fake_useragent/utils.py", line 97, in get_browsers
    html = get(settings.BROWSERS_STATS_PAGE, verify_ssl=verify_ssl)
  File "/usr/local/lib/python3.5/dist-packages/fake_useragent/utils.py", line 84, in get
    raise FakeUserAgentError('Maximum amount of retries reached')
fake_useragent.errors.FakeUserAgentError: Maximum amount of retries reached
2018-05-11 14:19:32 [scrapy.middleware] INFO: Enabled downloader middlewares:
['scrapy.downloadermiddlewares.httpauth.HttpAuthMiddleware',
 'scrapy.downloadermiddlewares.downloadtimeout.DownloadTimeoutMiddleware',
 'scrapy.downloadermiddlewares.defaultheaders.DefaultHeadersMiddleware',
 'lagou.middlewares.user_agent_middlewares.RandomUserAgentMiddlware',
 'scrapy.downloadermiddlewares.retry.RetryMiddleware',
 'scrapy.downloadermiddlewares.redirect.MetaRefreshMiddleware',
 'scrapy.downloadermiddlewares.httpcompression.HttpCompressionMiddleware',
 'scrapy.downloadermiddlewares.redirect.RedirectMiddleware',
 'scrapy.downloadermiddlewares.cookies.CookiesMiddleware',
 'scrapy.downloadermiddlewares.httpproxy.HttpProxyMiddleware',
 'scrapy.downloadermiddlewares.stats.DownloaderStats']
2018-05-11 14:19:32 [scrapy.middleware] INFO: Enabled spider middlewares:
['scrapy.spidermiddlewares.httperror.HttpErrorMiddleware',
 'scrapy.spidermiddlewares.offsite.OffsiteMiddleware',
 'scrapy.spidermiddlewares.referer.RefererMiddleware',
 'scrapy.spidermiddlewares.urllength.UrlLengthMiddleware',
 'scrapy.spidermiddlewares.depth.DepthMiddleware']
2018-05-11 14:19:32 [scrapy.middleware] INFO: Enabled item pipelines:
['lagou.pipelines.JsonWriterPipeline']
2018-05-11 14:19:32 [scrapy.core.engine] INFO: Spider opened
2018-05-11 14:19:32 [scrapy.extensions.logstats] INFO: Crawled 0 pages (at 0 pages/min), scraped 0 items (at 0 items/min)
2018-05-11 14:19:34 [scrapy.core.scraper] ERROR: Spider error processing <POST https://www.lagou.com/jobs/positionAjax.json?city=%E6%B7%B1%E5%9C%B3&needAddtionalResult=false> (referer: https://www.lagou.com/jobs/list_python?labelWords=&fromSearch=true&suginput=)
Traceback (most recent call last):
  File "/home/luojintao/.local/lib/python3.5/site-packages/scrapy/utils/defer.py", line 102, in iter_errback
    yield next(it)
  File "/home/luojintao/.local/lib/python3.5/site-packages/scrapy/spidermiddlewares/offsite.py", line 30, in process_spider_output
    for x in result:
  File "/home/luojintao/.local/lib/python3.5/site-packages/scrapy/spidermiddlewares/referer.py", line 339, in <genexpr>
    return (_set_referer(r) for r in result or ())
  File "/home/luojintao/.local/lib/python3.5/site-packages/scrapy/spidermiddlewares/urllength.py", line 37, in <genexpr>
    return (r for r in result or () if _filter(r))
  File "/home/luojintao/.local/lib/python3.5/site-packages/scrapy/spidermiddlewares/depth.py", line 58, in <genexpr>
    return (r for r in result or () if _filter(r))
  File "/home/luojintao/lagou/lagou/spiders/lagou_spider.py", line 39, in parse
    positionResult = content.get('positionResult')
AttributeError: 'NoneType' object has no attribute 'get'
2018-05-11 14:19:34 [scrapy.core.engine] INFO: Closing spider (finished)
2018-05-11 14:19:34 [scrapy.statscollectors] INFO: Dumping Scrapy stats:
{'downloader/request_bytes': 4643,
 'downloader/request_count': 5,
 'downloader/request_method_count/POST': 5,
 'downloader/response_bytes': 96642,
 'downloader/response_count': 5,
 'downloader/response_status_count/200': 5,
 'finish_reason': 'finished',
 'finish_time': datetime.datetime(2018, 5, 11, 6, 19, 34, 825584),
 'item_scraped_count': 60,
 'log_count/ERROR': 1,
 'log_count/INFO': 7,
 'log_count/WARNING': 1,
 'memusage/max': 52322304,
 'memusage/startup': 52322304,
 'request_depth_max': 4,
 'response_received_count': 5,
 'scheduler/dequeued': 5,
 'scheduler/dequeued/memory': 5,
 'scheduler/enqueued': 5,
 'scheduler/enqueued/memory': 5,
 'spider_exceptions/AttributeError': 1,
 'start_time': datetime.datetime(2018, 5, 11, 6, 19, 32, 378007)}
2018-05-11 14:19:34 [scrapy.core.engine] INFO: Spider closed (finished)
2018-05-11 15:08:32 [scrapy.utils.log] INFO: Scrapy 1.5.0 started (bot: lagou)
2018-05-11 15:08:32 [scrapy.utils.log] INFO: Versions: lxml 4.2.1.0, libxml2 2.9.8, cssselect 1.0.3, parsel 1.4.0, w3lib 1.19.0, Twisted 18.4.0, Python 3.5.2 (default, Nov 23 2017, 16:37:01) - [GCC 5.4.0 20160609], pyOpenSSL 17.5.0 (OpenSSL 1.0.2g  1 Mar 2016), cryptography 2.2.2, Platform Linux-4.13.0-39-generic-x86_64-with-Ubuntu-16.04-xenial
2018-05-11 15:08:32 [scrapy.crawler] INFO: Overridden settings: {'LOG_LEVEL': 'INFO', 'BOT_NAME': 'lagou', 'USER_AGENT': 'Mozilla/5.0 (X11; Linux x86_64) AppleWebKit/537.36 (KHTML, like Gecko) Chrome/66.0.3359.139 Safari/537.36', 'NEWSPIDER_MODULE': 'lagou.spiders', 'LOG_FILE': 'ten.log', 'DOWNLOAD_DELAY': 0.25, 'SPIDER_MODULES': ['lagou.spiders']}
2018-05-11 15:08:32 [scrapy.middleware] INFO: Enabled extensions:
['scrapy.extensions.telnet.TelnetConsole',
 'scrapy.extensions.logstats.LogStats',
 'scrapy.extensions.corestats.CoreStats',
 'scrapy.extensions.memusage.MemoryUsage']
2018-05-11 15:08:32 [twisted] CRITICAL: Unhandled error in Deferred:
2018-05-11 15:08:32 [twisted] CRITICAL: 
Traceback (most recent call last):
  File "/home/luojintao/.local/lib/python3.5/site-packages/scrapy/utils/misc.py", line 47, in load_object
    obj = getattr(mod, name)
AttributeError: module 'lagou.middlewares' has no attribute 'ProxyMiddleware'

During handling of the above exception, another exception occurred:

Traceback (most recent call last):
  File "/home/luojintao/.local/lib/python3.5/site-packages/twisted/internet/defer.py", line 1386, in _inlineCallbacks
    result = g.send(result)
  File "/home/luojintao/.local/lib/python3.5/site-packages/scrapy/crawler.py", line 80, in crawl
    self.engine = self._create_engine()
  File "/home/luojintao/.local/lib/python3.5/site-packages/scrapy/crawler.py", line 105, in _create_engine
    return ExecutionEngine(self, lambda _: self.stop())
  File "/home/luojintao/.local/lib/python3.5/site-packages/scrapy/core/engine.py", line 69, in __init__
    self.downloader = downloader_cls(crawler)
  File "/home/luojintao/.local/lib/python3.5/site-packages/scrapy/core/downloader/__init__.py", line 88, in __init__
    self.middleware = DownloaderMiddlewareManager.from_crawler(crawler)
  File "/home/luojintao/.local/lib/python3.5/site-packages/scrapy/middleware.py", line 58, in from_crawler
    return cls.from_settings(crawler.settings, crawler)
  File "/home/luojintao/.local/lib/python3.5/site-packages/scrapy/middleware.py", line 34, in from_settings
    mwcls = load_object(clspath)
  File "/home/luojintao/.local/lib/python3.5/site-packages/scrapy/utils/misc.py", line 49, in load_object
    raise NameError("Module '%s' doesn't define any object named '%s'" % (module, name))
NameError: Module 'lagou.middlewares' doesn't define any object named 'ProxyMiddleware'
2018-05-11 15:09:10 [scrapy.utils.log] INFO: Scrapy 1.5.0 started (bot: lagou)
2018-05-11 15:09:10 [scrapy.utils.log] INFO: Versions: lxml 4.2.1.0, libxml2 2.9.8, cssselect 1.0.3, parsel 1.4.0, w3lib 1.19.0, Twisted 18.4.0, Python 3.5.2 (default, Nov 23 2017, 16:37:01) - [GCC 5.4.0 20160609], pyOpenSSL 17.5.0 (OpenSSL 1.0.2g  1 Mar 2016), cryptography 2.2.2, Platform Linux-4.13.0-39-generic-x86_64-with-Ubuntu-16.04-xenial
2018-05-11 15:09:10 [scrapy.crawler] INFO: Overridden settings: {'BOT_NAME': 'lagou', 'LOG_FILE': 'ten.log', 'DOWNLOAD_DELAY': 0.25, 'SPIDER_MODULES': ['lagou.spiders'], 'USER_AGENT': 'Mozilla/5.0 (X11; Linux x86_64) AppleWebKit/537.36 (KHTML, like Gecko) Chrome/66.0.3359.139 Safari/537.36', 'LOG_LEVEL': 'INFO', 'NEWSPIDER_MODULE': 'lagou.spiders'}
2018-05-11 15:09:10 [scrapy.middleware] INFO: Enabled extensions:
['scrapy.extensions.corestats.CoreStats',
 'scrapy.extensions.telnet.TelnetConsole',
 'scrapy.extensions.memusage.MemoryUsage',
 'scrapy.extensions.logstats.LogStats']
2018-05-11 15:09:11 [scrapy.middleware] INFO: Enabled downloader middlewares:
['scrapy.downloadermiddlewares.httpauth.HttpAuthMiddleware',
 'scrapy.downloadermiddlewares.downloadtimeout.DownloadTimeoutMiddleware',
 'scrapy.downloadermiddlewares.defaultheaders.DefaultHeadersMiddleware',
 'scrapy.downloadermiddlewares.useragent.UserAgentMiddleware',
 'lagou.middlewares.ProxyMiddleware',
 'scrapy.downloadermiddlewares.retry.RetryMiddleware',
 'scrapy.downloadermiddlewares.redirect.MetaRefreshMiddleware',
 'scrapy.downloadermiddlewares.httpcompression.HttpCompressionMiddleware',
 'scrapy.downloadermiddlewares.redirect.RedirectMiddleware',
 'scrapy.downloadermiddlewares.cookies.CookiesMiddleware',
 'scrapy.downloadermiddlewares.httpproxy.HttpProxyMiddleware',
 'scrapy.downloadermiddlewares.stats.DownloaderStats']
2018-05-11 15:09:11 [scrapy.middleware] INFO: Enabled spider middlewares:
['scrapy.spidermiddlewares.httperror.HttpErrorMiddleware',
 'scrapy.spidermiddlewares.offsite.OffsiteMiddleware',
 'scrapy.spidermiddlewares.referer.RefererMiddleware',
 'scrapy.spidermiddlewares.urllength.UrlLengthMiddleware',
 'scrapy.spidermiddlewares.depth.DepthMiddleware']
2018-05-11 15:09:11 [scrapy.middleware] INFO: Enabled item pipelines:
['lagou.pipelines.JsonWriterPipeline']
2018-05-11 15:09:11 [scrapy.core.engine] INFO: Spider opened
2018-05-11 15:09:11 [scrapy.extensions.logstats] INFO: Crawled 0 pages (at 0 pages/min), scraped 0 items (at 0 items/min)
2018-05-11 15:09:12 [scrapy.core.scraper] ERROR: Error downloading <POST https://www.lagou.com/jobs/positionAjax.json?city=%E6%B7%B1%E5%9C%B3&needAddtionalResult=false>
Traceback (most recent call last):
  File "/home/luojintao/.local/lib/python3.5/site-packages/twisted/internet/defer.py", line 1386, in _inlineCallbacks
    result = g.send(result)
  File "/home/luojintao/.local/lib/python3.5/site-packages/scrapy/core/downloader/middleware.py", line 43, in process_request
    defer.returnValue((yield download_func(request=request,spider=spider)))
  File "/home/luojintao/.local/lib/python3.5/site-packages/twisted/internet/defer.py", line 1363, in returnValue
    raise _DefGen_Return(val)
twisted.internet.defer._DefGen_Return: <200 https://www.lagou.com/jobs/positionAjax.json?city=%E6%B7%B1%E5%9C%B3&needAddtionalResult=false>

During handling of the above exception, another exception occurred:

Traceback (most recent call last):
  File "/home/luojintao/.local/lib/python3.5/site-packages/twisted/internet/defer.py", line 1386, in _inlineCallbacks
    result = g.send(result)
  File "/home/luojintao/.local/lib/python3.5/site-packages/scrapy/core/downloader/middleware.py", line 56, in process_response
    (six.get_method_self(method).__class__.__name__, type(response))
AssertionError: Middleware ProxyMiddleware.process_response must return Response or Request, got <class 'NoneType'>
2018-05-11 15:09:12 [scrapy.core.engine] INFO: Closing spider (finished)
2018-05-11 15:09:12 [scrapy.statscollectors] INFO: Dumping Scrapy stats:
{'downloader/request_bytes': 698,
 'downloader/request_count': 1,
 'downloader/request_method_count/POST': 1,
 'downloader/response_bytes': 23753,
 'downloader/response_count': 1,
 'downloader/response_status_count/200': 1,
 'finish_reason': 'finished',
 'finish_time': datetime.datetime(2018, 5, 11, 7, 9, 12, 336678),
 'log_count/ERROR': 1,
 'log_count/INFO': 7,
 'memusage/max': 55222272,
 'memusage/startup': 55222272,
 'scheduler/dequeued': 1,
 'scheduler/dequeued/memory': 1,
 'scheduler/enqueued': 1,
 'scheduler/enqueued/memory': 1,
 'start_time': datetime.datetime(2018, 5, 11, 7, 9, 11, 174914)}
2018-05-11 15:09:12 [scrapy.core.engine] INFO: Spider closed (finished)
2018-05-11 15:10:10 [scrapy.utils.log] INFO: Scrapy 1.5.0 started (bot: lagou)
2018-05-11 15:10:10 [scrapy.utils.log] INFO: Versions: lxml 4.2.1.0, libxml2 2.9.8, cssselect 1.0.3, parsel 1.4.0, w3lib 1.19.0, Twisted 18.4.0, Python 3.5.2 (default, Nov 23 2017, 16:37:01) - [GCC 5.4.0 20160609], pyOpenSSL 17.5.0 (OpenSSL 1.0.2g  1 Mar 2016), cryptography 2.2.2, Platform Linux-4.13.0-39-generic-x86_64-with-Ubuntu-16.04-xenial
2018-05-11 15:10:10 [scrapy.crawler] INFO: Overridden settings: {'NEWSPIDER_MODULE': 'lagou.spiders', 'LOG_LEVEL': 'INFO', 'BOT_NAME': 'lagou', 'USER_AGENT': 'Mozilla/5.0 (X11; Linux x86_64) AppleWebKit/537.36 (KHTML, like Gecko) Chrome/66.0.3359.139 Safari/537.36', 'LOG_FILE': 'ten.log', 'DOWNLOAD_DELAY': 0.25, 'SPIDER_MODULES': ['lagou.spiders']}
2018-05-11 15:10:10 [scrapy.middleware] INFO: Enabled extensions:
['scrapy.extensions.memusage.MemoryUsage',
 'scrapy.extensions.corestats.CoreStats',
 'scrapy.extensions.logstats.LogStats',
 'scrapy.extensions.telnet.TelnetConsole']
2018-05-11 15:10:10 [scrapy.middleware] INFO: Enabled downloader middlewares:
['scrapy.downloadermiddlewares.httpauth.HttpAuthMiddleware',
 'scrapy.downloadermiddlewares.downloadtimeout.DownloadTimeoutMiddleware',
 'scrapy.downloadermiddlewares.defaultheaders.DefaultHeadersMiddleware',
 'scrapy.downloadermiddlewares.useragent.UserAgentMiddleware',
 'lagou.middlewares.ProxyMiddleware',
 'scrapy.downloadermiddlewares.retry.RetryMiddleware',
 'scrapy.downloadermiddlewares.redirect.MetaRefreshMiddleware',
 'scrapy.downloadermiddlewares.httpcompression.HttpCompressionMiddleware',
 'scrapy.downloadermiddlewares.redirect.RedirectMiddleware',
 'scrapy.downloadermiddlewares.cookies.CookiesMiddleware',
 'scrapy.downloadermiddlewares.httpproxy.HttpProxyMiddleware',
 'scrapy.downloadermiddlewares.stats.DownloaderStats']
2018-05-11 15:10:10 [scrapy.middleware] INFO: Enabled spider middlewares:
['scrapy.spidermiddlewares.httperror.HttpErrorMiddleware',
 'scrapy.spidermiddlewares.offsite.OffsiteMiddleware',
 'scrapy.spidermiddlewares.referer.RefererMiddleware',
 'scrapy.spidermiddlewares.urllength.UrlLengthMiddleware',
 'scrapy.spidermiddlewares.depth.DepthMiddleware']
2018-05-11 15:10:10 [scrapy.middleware] INFO: Enabled item pipelines:
['lagou.pipelines.JsonWriterPipeline']
2018-05-11 15:10:10 [scrapy.core.engine] INFO: Spider opened
2018-05-11 15:10:10 [scrapy.extensions.logstats] INFO: Crawled 0 pages (at 0 pages/min), scraped 0 items (at 0 items/min)
2018-05-11 15:10:13 [scrapy.core.scraper] ERROR: Error downloading <POST https://www.lagou.com/jobs/positionAjax.json?city=%E6%B7%B1%E5%9C%B3&needAddtionalResult=false>
Traceback (most recent call last):
  File "/home/luojintao/.local/lib/python3.5/site-packages/twisted/internet/defer.py", line 1386, in _inlineCallbacks
    result = g.send(result)
  File "/home/luojintao/.local/lib/python3.5/site-packages/scrapy/core/downloader/middleware.py", line 43, in process_request
    defer.returnValue((yield download_func(request=request,spider=spider)))
  File "/home/luojintao/.local/lib/python3.5/site-packages/twisted/internet/defer.py", line 1363, in returnValue
    raise _DefGen_Return(val)
twisted.internet.defer._DefGen_Return: <200 https://www.lagou.com/jobs/positionAjax.json?city=%E6%B7%B1%E5%9C%B3&needAddtionalResult=false>

During handling of the above exception, another exception occurred:

Traceback (most recent call last):
  File "/usr/local/lib/python3.5/dist-packages/urllib3/connection.py", line 141, in _new_conn
    (self.host, self.port), self.timeout, **extra_kw)
  File "/usr/local/lib/python3.5/dist-packages/urllib3/util/connection.py", line 83, in create_connection
    raise err
  File "/usr/local/lib/python3.5/dist-packages/urllib3/util/connection.py", line 73, in create_connection
    sock.connect(sa)
ConnectionRefusedError: [Errno 111] Connection refused

During handling of the above exception, another exception occurred:

Traceback (most recent call last):
  File "/usr/local/lib/python3.5/dist-packages/urllib3/connectionpool.py", line 600, in urlopen
    chunked=chunked)
  File "/usr/local/lib/python3.5/dist-packages/urllib3/connectionpool.py", line 356, in _make_request
    conn.request(method, url, **httplib_request_kw)
  File "/usr/lib/python3.5/http/client.py", line 1106, in request
    self._send_request(method, url, body, headers)
  File "/usr/lib/python3.5/http/client.py", line 1151, in _send_request
    self.endheaders(body)
  File "/usr/lib/python3.5/http/client.py", line 1102, in endheaders
    self._send_output(message_body)
  File "/usr/lib/python3.5/http/client.py", line 934, in _send_output
    self.send(msg)
  File "/usr/lib/python3.5/http/client.py", line 877, in send
    self.connect()
  File "/usr/local/lib/python3.5/dist-packages/urllib3/connection.py", line 166, in connect
    conn = self._new_conn()
  File "/usr/local/lib/python3.5/dist-packages/urllib3/connection.py", line 150, in _new_conn
    self, "Failed to establish a new connection: %s" % e)
urllib3.exceptions.NewConnectionError: <urllib3.connection.HTTPConnection object at 0x7fa8228eac18>: Failed to establish a new connection: [Errno 111] Connection refused

During handling of the above exception, another exception occurred:

Traceback (most recent call last):
  File "/usr/local/lib/python3.5/dist-packages/requests/adapters.py", line 440, in send
    timeout=timeout
  File "/usr/local/lib/python3.5/dist-packages/urllib3/connectionpool.py", line 649, in urlopen
    _stacktrace=sys.exc_info()[2])
  File "/usr/local/lib/python3.5/dist-packages/urllib3/util/retry.py", line 388, in increment
    raise MaxRetryError(_pool, url, error or ResponseError(cause))
urllib3.exceptions.MaxRetryError: HTTPConnectionPool(host='0.0.0.0', port=5001): Max retries exceeded with url: /random (Caused by NewConnectionError('<urllib3.connection.HTTPConnection object at 0x7fa8228eac18>: Failed to establish a new connection: [Errno 111] Connection refused',))

During handling of the above exception, another exception occurred:

Traceback (most recent call last):
  File "/home/luojintao/.local/lib/python3.5/site-packages/twisted/internet/defer.py", line 1386, in _inlineCallbacks
    result = g.send(result)
  File "/home/luojintao/.local/lib/python3.5/site-packages/scrapy/core/downloader/middleware.py", line 53, in process_response
    spider=spider)
  File "/home/luojintao/lagou/lagou/middlewares.py", line 129, in process_response
    ip = self._get_random_proxies()['proxy']
  File "/home/luojintao/lagou/lagou/middlewares.py", line 115, in _get_random_proxies
    response = requests.get(self.proxy_pool_url)
  File "/usr/local/lib/python3.5/dist-packages/requests/api.py", line 72, in get
    return request('get', url, params=params, **kwargs)
  File "/usr/local/lib/python3.5/dist-packages/requests/api.py", line 58, in request
    return session.request(method=method, url=url, **kwargs)
  File "/usr/local/lib/python3.5/dist-packages/requests/sessions.py", line 513, in request
    resp = self.send(prep, **send_kwargs)
  File "/usr/local/lib/python3.5/dist-packages/requests/sessions.py", line 623, in send
    r = adapter.send(request, **kwargs)
  File "/usr/local/lib/python3.5/dist-packages/requests/adapters.py", line 504, in send
    raise ConnectionError(e, request=request)
requests.exceptions.ConnectionError: HTTPConnectionPool(host='0.0.0.0', port=5001): Max retries exceeded with url: /random (Caused by NewConnectionError('<urllib3.connection.HTTPConnection object at 0x7fa8228eac18>: Failed to establish a new connection: [Errno 111] Connection refused',))
2018-05-11 15:10:13 [scrapy.core.engine] INFO: Closing spider (finished)
2018-05-11 15:10:13 [scrapy.statscollectors] INFO: Dumping Scrapy stats:
{'downloader/request_bytes': 4046,
 'downloader/request_count': 5,
 'downloader/request_method_count/POST': 5,
 'downloader/response_bytes': 96891,
 'downloader/response_count': 5,
 'downloader/response_status_count/200': 5,
 'finish_reason': 'finished',
 'finish_time': datetime.datetime(2018, 5, 11, 7, 10, 13, 766846),
 'item_scraped_count': 60,
 'log_count/ERROR': 1,
 'log_count/INFO': 7,
 'memusage/max': 55103488,
 'memusage/startup': 55103488,
 'request_depth_max': 4,
 'response_received_count': 4,
 'scheduler/dequeued': 5,
 'scheduler/dequeued/memory': 5,
 'scheduler/enqueued': 5,
 'scheduler/enqueued/memory': 5,
 'start_time': datetime.datetime(2018, 5, 11, 7, 10, 10, 300337)}
2018-05-11 15:10:13 [scrapy.core.engine] INFO: Spider closed (finished)
2018-05-11 15:10:38 [scrapy.utils.log] INFO: Scrapy 1.5.0 started (bot: lagou)
2018-05-11 15:10:38 [scrapy.utils.log] INFO: Versions: lxml 4.2.1.0, libxml2 2.9.8, cssselect 1.0.3, parsel 1.4.0, w3lib 1.19.0, Twisted 18.4.0, Python 3.5.2 (default, Nov 23 2017, 16:37:01) - [GCC 5.4.0 20160609], pyOpenSSL 17.5.0 (OpenSSL 1.0.2g  1 Mar 2016), cryptography 2.2.2, Platform Linux-4.13.0-39-generic-x86_64-with-Ubuntu-16.04-xenial
2018-05-11 15:10:38 [scrapy.crawler] INFO: Overridden settings: {'LOG_LEVEL': 'INFO', 'DOWNLOAD_DELAY': 0.25, 'BOT_NAME': 'lagou', 'NEWSPIDER_MODULE': 'lagou.spiders', 'LOG_FILE': 'ten.log', 'SPIDER_MODULES': ['lagou.spiders'], 'USER_AGENT': 'Mozilla/5.0 (X11; Linux x86_64) AppleWebKit/537.36 (KHTML, like Gecko) Chrome/66.0.3359.139 Safari/537.36'}
2018-05-11 15:10:38 [scrapy.middleware] INFO: Enabled extensions:
['scrapy.extensions.telnet.TelnetConsole',
 'scrapy.extensions.memusage.MemoryUsage',
 'scrapy.extensions.corestats.CoreStats',
 'scrapy.extensions.logstats.LogStats']
2018-05-11 15:10:38 [scrapy.middleware] INFO: Enabled downloader middlewares:
['scrapy.downloadermiddlewares.httpauth.HttpAuthMiddleware',
 'scrapy.downloadermiddlewares.downloadtimeout.DownloadTimeoutMiddleware',
 'scrapy.downloadermiddlewares.defaultheaders.DefaultHeadersMiddleware',
 'scrapy.downloadermiddlewares.useragent.UserAgentMiddleware',
 'lagou.middlewares.ProxyMiddleware',
 'scrapy.downloadermiddlewares.retry.RetryMiddleware',
 'scrapy.downloadermiddlewares.redirect.MetaRefreshMiddleware',
 'scrapy.downloadermiddlewares.httpcompression.HttpCompressionMiddleware',
 'scrapy.downloadermiddlewares.redirect.RedirectMiddleware',
 'scrapy.downloadermiddlewares.cookies.CookiesMiddleware',
 'scrapy.downloadermiddlewares.httpproxy.HttpProxyMiddleware',
 'scrapy.downloadermiddlewares.stats.DownloaderStats']
2018-05-11 15:10:38 [scrapy.middleware] INFO: Enabled spider middlewares:
['scrapy.spidermiddlewares.httperror.HttpErrorMiddleware',
 'scrapy.spidermiddlewares.offsite.OffsiteMiddleware',
 'scrapy.spidermiddlewares.referer.RefererMiddleware',
 'scrapy.spidermiddlewares.urllength.UrlLengthMiddleware',
 'scrapy.spidermiddlewares.depth.DepthMiddleware']
2018-05-11 15:10:38 [scrapy.middleware] INFO: Enabled item pipelines:
['lagou.pipelines.JsonWriterPipeline']
2018-05-11 15:10:38 [scrapy.core.engine] INFO: Spider opened
2018-05-11 15:10:38 [scrapy.extensions.logstats] INFO: Crawled 0 pages (at 0 pages/min), scraped 0 items (at 0 items/min)
2018-05-11 15:10:41 [scrapy.core.scraper] ERROR: Error downloading <POST https://www.lagou.com/jobs/positionAjax.json?city=%E6%B7%B1%E5%9C%B3&needAddtionalResult=false>
Traceback (most recent call last):
  File "/home/luojintao/.local/lib/python3.5/site-packages/twisted/internet/defer.py", line 1386, in _inlineCallbacks
    result = g.send(result)
  File "/home/luojintao/.local/lib/python3.5/site-packages/scrapy/core/downloader/middleware.py", line 43, in process_request
    defer.returnValue((yield download_func(request=request,spider=spider)))
  File "/home/luojintao/.local/lib/python3.5/site-packages/twisted/internet/defer.py", line 1363, in returnValue
    raise _DefGen_Return(val)
twisted.internet.defer._DefGen_Return: <200 https://www.lagou.com/jobs/positionAjax.json?city=%E6%B7%B1%E5%9C%B3&needAddtionalResult=false>

During handling of the above exception, another exception occurred:

Traceback (most recent call last):
  File "/usr/local/lib/python3.5/dist-packages/urllib3/connection.py", line 141, in _new_conn
    (self.host, self.port), self.timeout, **extra_kw)
  File "/usr/local/lib/python3.5/dist-packages/urllib3/util/connection.py", line 83, in create_connection
    raise err
  File "/usr/local/lib/python3.5/dist-packages/urllib3/util/connection.py", line 73, in create_connection
    sock.connect(sa)
ConnectionRefusedError: [Errno 111] Connection refused

During handling of the above exception, another exception occurred:

Traceback (most recent call last):
  File "/usr/local/lib/python3.5/dist-packages/urllib3/connectionpool.py", line 600, in urlopen
    chunked=chunked)
  File "/usr/local/lib/python3.5/dist-packages/urllib3/connectionpool.py", line 356, in _make_request
    conn.request(method, url, **httplib_request_kw)
  File "/usr/lib/python3.5/http/client.py", line 1106, in request
    self._send_request(method, url, body, headers)
  File "/usr/lib/python3.5/http/client.py", line 1151, in _send_request
    self.endheaders(body)
  File "/usr/lib/python3.5/http/client.py", line 1102, in endheaders
    self._send_output(message_body)
  File "/usr/lib/python3.5/http/client.py", line 934, in _send_output
    self.send(msg)
  File "/usr/lib/python3.5/http/client.py", line 877, in send
    self.connect()
  File "/usr/local/lib/python3.5/dist-packages/urllib3/connection.py", line 166, in connect
    conn = self._new_conn()
  File "/usr/local/lib/python3.5/dist-packages/urllib3/connection.py", line 150, in _new_conn
    self, "Failed to establish a new connection: %s" % e)
urllib3.exceptions.NewConnectionError: <urllib3.connection.HTTPConnection object at 0x7f73d80a3e80>: Failed to establish a new connection: [Errno 111] Connection refused

During handling of the above exception, another exception occurred:

Traceback (most recent call last):
  File "/usr/local/lib/python3.5/dist-packages/requests/adapters.py", line 440, in send
    timeout=timeout
  File "/usr/local/lib/python3.5/dist-packages/urllib3/connectionpool.py", line 649, in urlopen
    _stacktrace=sys.exc_info()[2])
  File "/usr/local/lib/python3.5/dist-packages/urllib3/util/retry.py", line 388, in increment
    raise MaxRetryError(_pool, url, error or ResponseError(cause))
urllib3.exceptions.MaxRetryError: HTTPConnectionPool(host='0.0.0.0', port=5001): Max retries exceeded with url: /random (Caused by NewConnectionError('<urllib3.connection.HTTPConnection object at 0x7f73d80a3e80>: Failed to establish a new connection: [Errno 111] Connection refused',))

During handling of the above exception, another exception occurred:

Traceback (most recent call last):
  File "/home/luojintao/.local/lib/python3.5/site-packages/twisted/internet/defer.py", line 1386, in _inlineCallbacks
    result = g.send(result)
  File "/home/luojintao/.local/lib/python3.5/site-packages/scrapy/core/downloader/middleware.py", line 53, in process_response
    spider=spider)
  File "/home/luojintao/lagou/lagou/middlewares.py", line 129, in process_response
    ip = self._get_random_proxies()['proxy']
  File "/home/luojintao/lagou/lagou/middlewares.py", line 115, in _get_random_proxies
    response = requests.get(self.proxy_pool_url)
  File "/usr/local/lib/python3.5/dist-packages/requests/api.py", line 72, in get
    return request('get', url, params=params, **kwargs)
  File "/usr/local/lib/python3.5/dist-packages/requests/api.py", line 58, in request
    return session.request(method=method, url=url, **kwargs)
  File "/usr/local/lib/python3.5/dist-packages/requests/sessions.py", line 513, in request
    resp = self.send(prep, **send_kwargs)
  File "/usr/local/lib/python3.5/dist-packages/requests/sessions.py", line 623, in send
    r = adapter.send(request, **kwargs)
  File "/usr/local/lib/python3.5/dist-packages/requests/adapters.py", line 504, in send
    raise ConnectionError(e, request=request)
requests.exceptions.ConnectionError: HTTPConnectionPool(host='0.0.0.0', port=5001): Max retries exceeded with url: /random (Caused by NewConnectionError('<urllib3.connection.HTTPConnection object at 0x7f73d80a3e80>: Failed to establish a new connection: [Errno 111] Connection refused',))
2018-05-11 15:10:41 [scrapy.core.engine] INFO: Closing spider (finished)
2018-05-11 15:10:41 [scrapy.statscollectors] INFO: Dumping Scrapy stats:
{'downloader/request_bytes': 4046,
 'downloader/request_count': 5,
 'downloader/request_method_count/POST': 5,
 'downloader/response_bytes': 96890,
 'downloader/response_count': 5,
 'downloader/response_status_count/200': 5,
 'finish_reason': 'finished',
 'finish_time': datetime.datetime(2018, 5, 11, 7, 10, 41, 289256),
 'item_scraped_count': 60,
 'log_count/ERROR': 1,
 'log_count/INFO': 7,
 'memusage/max': 55259136,
 'memusage/startup': 55259136,
 'request_depth_max': 4,
 'response_received_count': 4,
 'scheduler/dequeued': 5,
 'scheduler/dequeued/memory': 5,
 'scheduler/enqueued': 5,
 'scheduler/enqueued/memory': 5,
 'start_time': datetime.datetime(2018, 5, 11, 7, 10, 38, 484962)}
2018-05-11 15:10:41 [scrapy.core.engine] INFO: Spider closed (finished)
